# JRE version: OpenJDK Runtime Environment (16.0.2+7) (build 16.0.2+7-67)
# Java VM: OpenJDK 64-Bit Server VM (16.0.2+7-67, mixed mode, tiered, compressed oops, compressed class ptrs, g1 gc, windows-amd64)
GC Precious Log:
 CPUs: 4 total, 4 available
 Memory: 16218M
 Large Page Support: Disabled
 NUMA Support: Disabled
 Compressed Oops: Enabled (Zero based)
 Heap Region Size: 2M
 Heap Min Capacity: 8M
 Heap Initial Capacity: 254M
 Heap Max Capacity: 4056M
 Pre-touch: Disabled
 Parallel Workers: 4
 Concurrent Workers: 1
 Concurrent Refinement Workers: 4
 Periodic GC: Disabled
Heap:
 garbage-first heap   total 106496K, used 65108K [0x0000000702800000, 0x0000000800000000)
  region size 2048K, 14 young (28672K), 3 survivors (6144K)
 Metaspace       used 57175K, committed 57920K, reserved 1105920K
  class space    used 7518K, committed 7872K, reserved 1048576K
GC Heap History (20 events):
Event: 139.675 GC heap after
{Heap after GC invocations=16 (full 2):
 garbage-first heap   total 106496K, used 32781K [0x0000000702800000, 0x0000000800000000)
  region size 2048K, 0 young (0K), 0 survivors (0K)
 Metaspace       used 53543K, committed 54080K, reserved 1097728K
  class space    used 7072K, committed 7360K, reserved 1048576K
}
Event: 140.132 GC heap before
{Heap before GC invocations=16 (full 2):
 garbage-first heap   total 106496K, used 73741K [0x0000000702800000, 0x0000000800000000)
  region size 2048K, 21 young (43008K), 0 survivors (0K)
 Metaspace       used 53593K, committed 54144K, reserved 1097728K
  class space    used 7080K, committed 7360K, reserved 1048576K
}
Event: 140.135 GC heap after
{Heap after GC invocations=17 (full 2):
 garbage-first heap   total 106496K, used 35783K [0x0000000702800000, 0x0000000800000000)
  region size 2048K, 2 young (4096K), 2 survivors (4096K)
 Metaspace       used 53593K, committed 54144K, reserved 1097728K
  class space    used 7080K, committed 7360K, reserved 1048576K
}
Event: 152.019 GC heap before
{Heap before GC invocations=17 (full 2):
 garbage-first heap   total 106496K, used 72647K [0x0000000702800000, 0x0000000800000000)
  region size 2048K, 22 young (45056K), 2 survivors (4096K)
 Metaspace       used 53762K, committed 54336K, reserved 1097728K
  class space    used 7092K, committed 7360K, reserved 1048576K
}
Event: 152.080 GC heap after
{Heap after GC invocations=18 (full 3):
 garbage-first heap   total 106496K, used 34934K [0x0000000702800000, 0x0000000800000000)
  region size 2048K, 0 young (0K), 0 survivors (0K)
 Metaspace       used 53762K, committed 54336K, reserved 1097728K
  class space    used 7092K, committed 7360K, reserved 1048576K
}
Event: 152.539 GC heap before
{Heap before GC invocations=18 (full 3):
 garbage-first heap   total 106496K, used 75894K [0x0000000702800000, 0x0000000800000000)
  region size 2048K, 21 young (43008K), 0 survivors (0K)
 Metaspace       used 53821K, committed 54400K, reserved 1097728K
  class space    used 7102K, committed 7360K, reserved 1048576K
}
Event: 152.543 GC heap after
{Heap after GC invocations=19 (full 3):
 garbage-first heap   total 106496K, used 37997K [0x0000000702800000, 0x0000000800000000)
  region size 2048K, 2 young (4096K), 2 survivors (4096K)
 Metaspace       used 53821K, committed 54400K, reserved 1097728K
  class space    used 7102K, committed 7360K, reserved 1048576K
}
Event: 217.832 GC heap before
{Heap before GC invocations=19 (full 3):
 garbage-first heap   total 106496K, used 76909K [0x0000000702800000, 0x0000000800000000)
  region size 2048K, 22 young (45056K), 2 survivors (4096K)
 Metaspace       used 54490K, committed 55104K, reserved 1097728K
  class space    used 7173K, committed 7488K, reserved 1048576K
}
Event: 217.838 GC heap after
{Heap after GC invocations=20 (full 3):
 garbage-first heap   total 106496K, used 39565K [0x0000000702800000, 0x0000000800000000)
  region size 2048K, 3 young (6144K), 3 survivors (6144K)
 Metaspace       used 54490K, committed 55104K, reserved 1097728K
  class space    used 7173K, committed 7488K, reserved 1048576K
}
Event: 1450.800 GC heap before
{Heap before GC invocations=20 (full 3):
 garbage-first heap   total 106496K, used 76429K [0x0000000702800000, 0x0000000800000000)
  region size 2048K, 22 young (45056K), 3 survivors (6144K)
 Metaspace       used 56686K, committed 57280K, reserved 1105920K
  class space    used 7453K, committed 7744K, reserved 1048576K
}
Event: 1450.805 GC heap after
{Heap after GC invocations=21 (full 3):
 garbage-first heap   total 106496K, used 40474K [0x0000000702800000, 0x0000000800000000)
  region size 2048K, 2 young (4096K), 2 survivors (4096K)
 Metaspace       used 56686K, committed 57280K, reserved 1105920K
  class space    used 7453K, committed 7744K, reserved 1048576K
}
Event: 2015.920 GC heap before
{Heap before GC invocations=21 (full 3):
 garbage-first heap   total 106496K, used 54810K [0x0000000702800000, 0x0000000800000000)
  region size 2048K, 10 young (20480K), 2 survivors (4096K)
 Metaspace       used 56694K, committed 57344K, reserved 1105920K
  class space    used 7455K, committed 7744K, reserved 1048576K
}
Event: 2015.980 GC heap after
{Heap after GC invocations=22 (full 4):
 garbage-first heap   total 106496K, used 37944K [0x0000000702800000, 0x0000000800000000)
  region size 2048K, 0 young (0K), 0 survivors (0K)
 Metaspace       used 56694K, committed 57344K, reserved 1105920K
  class space    used 7455K, committed 7744K, reserved 1048576K
}
Event: 2016.450 GC heap before
{Heap before GC invocations=22 (full 4):
 garbage-first heap   total 106496K, used 78904K [0x0000000702800000, 0x0000000800000000)
  region size 2048K, 21 young (43008K), 0 survivors (0K)
 Metaspace       used 56733K, committed 57344K, reserved 1105920K
  class space    used 7460K, committed 7744K, reserved 1048576K
}
Event: 2016.454 GC heap after
{Heap after GC invocations=23 (full 4):
 garbage-first heap   total 106496K, used 40983K [0x0000000702800000, 0x0000000800000000)
  region size 2048K, 2 young (4096K), 2 survivors (4096K)
 Metaspace       used 56733K, committed 57344K, reserved 1105920K
  class space    used 7460K, committed 7744K, reserved 1048576K
}
Event: 2127.318 GC heap before
{Heap before GC invocations=23 (full 4):
 garbage-first heap   total 106496K, used 79895K [0x0000000702800000, 0x0000000800000000)
  region size 2048K, 22 young (45056K), 2 survivors (4096K)
 Metaspace       used 56993K, committed 57664K, reserved 1105920K
  class space    used 7504K, committed 7808K, reserved 1048576K
}
Event: 2127.323 GC heap after
{Heap after GC invocations=24 (full 4):
 garbage-first heap   total 106496K, used 42871K [0x0000000702800000, 0x0000000800000000)
  region size 2048K, 3 young (6144K), 3 survivors (6144K)
 Metaspace       used 56993K, committed 57664K, reserved 1105920K
  class space    used 7504K, committed 7808K, reserved 1048576K
}
Event: 2127.566 GC heap before
{Heap before GC invocations=24 (full 4):
 garbage-first heap   total 106496K, used 79735K [0x0000000702800000, 0x0000000800000000)
  region size 2048K, 22 young (45056K), 3 survivors (6144K)
 Metaspace       used 57086K, committed 57728K, reserved 1105920K
  class space    used 7513K, committed 7808K, reserved 1048576K
}
Event: 2127.572 GC heap after
{Heap after GC invocations=25 (full 4):
 garbage-first heap   total 106496K, used 44452K [0x0000000702800000, 0x0000000800000000)
  region size 2048K, 3 young (6144K), 3 survivors (6144K)
 Metaspace       used 57086K, committed 57728K, reserved 1105920K
  class space    used 7513K, committed 7808K, reserved 1048576K
}
Event: 2211.593 GC heap before
{Heap before GC invocations=25 (full 4):
 garbage-first heap   total 106496K, used 64932K [0x0000000702800000, 0x0000000800000000)
  region size 2048K, 14 young (28672K), 3 survivors (6144K)
 Metaspace       used 57175K, committed 57920K, reserved 1105920K
  class space    used 7518K, committed 7872K, reserved 1048576K
}

