# JRE version: OpenJDK Runtime Environment (16.0.2+7) (build 16.0.2+7-67)
# Java VM: OpenJDK 64-Bit Server VM (16.0.2+7-67, mixed mode, tiered, compressed oops, compressed class ptrs, g1 gc, windows-amd64)
GC Precious Log:
 CPUs: 4 total, 4 available
 Memory: 16218M
 Large Page Support: Disabled
 NUMA Support: Disabled
 Compressed Oops: Enabled (Zero based)
 Heap Region Size: 2M
 Heap Min Capacity: 8M
 Heap Initial Capacity: 254M
 Heap Max Capacity: 4056M
 Pre-touch: Disabled
 Parallel Workers: 4
 Concurrent Workers: 1
 Concurrent Refinement Workers: 4
 Periodic GC: Disabled
Heap:
 garbage-first heap   total 104448K, used 75613K [0x0000000702800000, 0x0000000800000000)
  region size 2048K, 23 young (47104K), 3 survivors (6144K)
 Metaspace       used 53647K, committed 54080K, reserved 1097728K
  class space    used 7064K, committed 7296K, reserved 1048576K
GC Heap History (20 events):
Event: 0.684 GC heap after
{Heap after GC invocations=2 (full 0):
 garbage-first heap   total 260096K, used 6922K [0x0000000702800000, 0x0000000800000000)
  region size 2048K, 1 young (2048K), 1 survivors (2048K)
 Metaspace       used 14309K, committed 14528K, reserved 1064960K
  class space    used 1456K, committed 1536K, reserved 1048576K
}
Event: 0.903 GC heap before
{Heap before GC invocations=2 (full 0):
 garbage-first heap   total 260096K, used 31498K [0x0000000702800000, 0x0000000800000000)
  region size 2048K, 13 young (26624K), 1 survivors (2048K)
 Metaspace       used 17246K, committed 17408K, reserved 1073152K
  class space    used 1833K, committed 1920K, reserved 1048576K
}
Event: 0.906 GC heap after
{Heap after GC invocations=3 (full 0):
 garbage-first heap   total 260096K, used 7758K [0x0000000702800000, 0x0000000800000000)
  region size 2048K, 2 young (4096K), 2 survivors (4096K)
 Metaspace       used 17246K, committed 17408K, reserved 1073152K
  class space    used 1833K, committed 1920K, reserved 1048576K
}
Event: 1.221 GC heap before
{Heap before GC invocations=3 (full 0):
 garbage-first heap   total 260096K, used 28238K [0x0000000702800000, 0x0000000800000000)
  region size 2048K, 13 young (26624K), 2 survivors (4096K)
 Metaspace       used 21051K, committed 21248K, reserved 1073152K
  class space    used 2399K, committed 2496K, reserved 1048576K
}
Event: 1.226 GC heap after
{Heap after GC invocations=4 (full 0):
 garbage-first heap   total 260096K, used 9339K [0x0000000702800000, 0x0000000800000000)
  region size 2048K, 3 young (6144K), 3 survivors (6144K)
 Metaspace       used 21051K, committed 21248K, reserved 1073152K
  class space    used 2399K, committed 2496K, reserved 1048576K
}
Event: 1.544 GC heap before
{Heap before GC invocations=5 (full 0):
 garbage-first heap   total 55296K, used 42107K [0x0000000702800000, 0x0000000800000000)
  region size 2048K, 19 young (38912K), 3 survivors (6144K)
 Metaspace       used 27253K, committed 27584K, reserved 1081344K
  class space    used 3310K, committed 3456K, reserved 1048576K
}
Event: 1.551 GC heap after
{Heap after GC invocations=6 (full 0):
 garbage-first heap   total 157696K, used 11180K [0x0000000702800000, 0x0000000800000000)
  region size 2048K, 3 young (6144K), 3 survivors (6144K)
 Metaspace       used 27253K, committed 27584K, reserved 1081344K
  class space    used 3310K, committed 3456K, reserved 1048576K
}
Event: 2.392 GC heap before
{Heap before GC invocations=6 (full 0):
 garbage-first heap   total 157696K, used 76716K [0x0000000702800000, 0x0000000800000000)
  region size 2048K, 36 young (73728K), 3 survivors (6144K)
 Metaspace       used 35565K, committed 35840K, reserved 1081344K
  class space    used 4468K, committed 4608K, reserved 1048576K
}
Event: 2.401 GC heap after
{Heap after GC invocations=7 (full 0):
 garbage-first heap   total 157696K, used 14765K [0x0000000702800000, 0x0000000800000000)
  region size 2048K, 4 young (8192K), 4 survivors (8192K)
 Metaspace       used 35565K, committed 35840K, reserved 1081344K
  class space    used 4468K, committed 4608K, reserved 1048576K
}
Event: 2.718 GC heap before
{Heap before GC invocations=8 (full 0):
 garbage-first heap   total 61440K, used 57773K [0x0000000702800000, 0x0000000800000000)
  region size 2048K, 26 young (53248K), 4 survivors (8192K)
 Metaspace       used 38777K, committed 39168K, reserved 1089536K
  class space    used 4858K, committed 5056K, reserved 1048576K
}
Event: 2.731 GC heap after
{Heap after GC invocations=9 (full 0):
 garbage-first heap   total 77824K, used 22721K [0x0000000702800000, 0x0000000800000000)
  region size 2048K, 4 young (8192K), 4 survivors (8192K)
 Metaspace       used 38777K, committed 39168K, reserved 1089536K
  class space    used 4858K, committed 5056K, reserved 1048576K
}
Event: 2.839 GC heap before
{Heap before GC invocations=9 (full 0):
 garbage-first heap   total 77824K, used 53441K [0x0000000702800000, 0x0000000800000000)
  region size 2048K, 19 young (38912K), 4 survivors (8192K)
 Metaspace       used 39363K, committed 39744K, reserved 1089536K
  class space    used 4908K, committed 5056K, reserved 1048576K
}
Event: 2.846 GC heap after
{Heap after GC invocations=10 (full 0):
 garbage-first heap   total 77824K, used 24092K [0x0000000702800000, 0x0000000800000000)
  region size 2048K, 1 young (2048K), 1 survivors (2048K)
 Metaspace       used 39363K, committed 39744K, reserved 1089536K
  class space    used 4908K, committed 5056K, reserved 1048576K
}
Event: 3.219 GC heap before
{Heap before GC invocations=10 (full 0):
 garbage-first heap   total 77824K, used 54812K [0x0000000702800000, 0x0000000800000000)
  region size 2048K, 17 young (34816K), 1 survivors (2048K)
 Metaspace       used 41210K, committed 41600K, reserved 1089536K
  class space    used 5176K, committed 5376K, reserved 1048576K
}
Event: 3.227 GC heap after
{Heap after GC invocations=11 (full 0):
 garbage-first heap   total 77824K, used 26058K [0x0000000702800000, 0x0000000800000000)
  region size 2048K, 2 young (4096K), 2 survivors (4096K)
 Metaspace       used 41210K, committed 41600K, reserved 1089536K
  class space    used 5176K, committed 5376K, reserved 1048576K
}
Event: 3.617 GC heap before
{Heap before GC invocations=11 (full 0):
 garbage-first heap   total 77824K, used 56778K [0x0000000702800000, 0x0000000800000000)
  region size 2048K, 17 young (34816K), 2 survivors (4096K)
 Metaspace       used 44618K, committed 44992K, reserved 1089536K
  class space    used 5780K, committed 5952K, reserved 1048576K
}
Event: 3.623 GC heap after
{Heap after GC invocations=12 (full 0):
 garbage-first heap   total 104448K, used 29222K [0x0000000702800000, 0x0000000800000000)
  region size 2048K, 3 young (6144K), 3 survivors (6144K)
 Metaspace       used 44618K, committed 44992K, reserved 1089536K
  class space    used 5780K, committed 5952K, reserved 1048576K
}
Event: 4.316 GC heap before
{Heap before GC invocations=12 (full 0):
 garbage-first heap   total 104448K, used 76326K [0x0000000702800000, 0x0000000800000000)
  region size 2048K, 26 young (53248K), 3 survivors (6144K)
 Metaspace       used 47051K, committed 47488K, reserved 1097728K
  class space    used 6160K, committed 6400K, reserved 1048576K
}
Event: 4.330 GC heap after
{Heap after GC invocations=13 (full 0):
 garbage-first heap   total 104448K, used 34653K [0x0000000702800000, 0x0000000800000000)
  region size 2048K, 4 young (8192K), 4 survivors (8192K)
 Metaspace       used 47051K, committed 47488K, reserved 1097728K
  class space    used 6160K, committed 6400K, reserved 1048576K
}
Event: 46.759 GC heap before
{Heap before GC invocations=13 (full 0):
 garbage-first heap   total 104448K, used 75613K [0x0000000702800000, 0x0000000800000000)
  region size 2048K, 24 young (49152K), 4 survivors (8192K)
 Metaspace       used 53647K, committed 54080K, reserved 1097728K
  class space    used 7064K, committed 7296K, reserved 1048576K
}

