# JRE version: OpenJDK Runtime Environment (16.0.2+7) (build 16.0.2+7-67)
# Java VM: OpenJDK 64-Bit Server VM (16.0.2+7-67, mixed mode, tiered, compressed oops, compressed class ptrs, g1 gc, windows-amd64)
GC Precious Log:
 CPUs: 4 total, 4 available
 Memory: 16218M
 Large Page Support: Disabled
 NUMA Support: Disabled
 Compressed Oops: Enabled (Zero based)
 Heap Region Size: 2M
 Heap Min Capacity: 8M
 Heap Initial Capacity: 254M
 Heap Max Capacity: 4056M
 Pre-touch: Disabled
 Parallel Workers: 4
 Concurrent Workers: 1
 Concurrent Refinement Workers: 4
 Periodic GC: Disabled
Heap:
 garbage-first heap   total 116736K, used 79468K [0x0000000702800000, 0x0000000800000000)
  region size 2048K, 24 young (49152K), 2 survivors (4096K)
 Metaspace       used 56271K, committed 56832K, reserved 1097728K
  class space    used 7413K, committed 7680K, reserved 1048576K
GC Heap History (20 events):
Event: 1.673 GC heap after
{Heap after GC invocations=6 (full 0):
 garbage-first heap   total 55296K, used 11031K [0x0000000702800000, 0x0000000800000000)
  region size 2048K, 2 young (4096K), 2 survivors (4096K)
 Metaspace       used 26835K, committed 27200K, reserved 1073152K
  class space    used 3281K, committed 3456K, reserved 1048576K
}
Event: 1.881 GC heap before
{Heap before GC invocations=6 (full 0):
 garbage-first heap   total 55296K, used 37655K [0x0000000702800000, 0x0000000800000000)
  region size 2048K, 15 young (30720K), 2 survivors (4096K)
 Metaspace       used 30736K, committed 31040K, reserved 1081344K
  class space    used 3766K, committed 3904K, reserved 1048576K
}
Event: 1.887 GC heap after
{Heap after GC invocations=7 (full 0):
 garbage-first heap   total 157696K, used 12336K [0x0000000702800000, 0x0000000800000000)
  region size 2048K, 2 young (4096K), 2 survivors (4096K)
 Metaspace       used 30736K, committed 31040K, reserved 1081344K
  class space    used 3766K, committed 3904K, reserved 1048576K
}
Event: 2.520 GC heap before
{Heap before GC invocations=7 (full 0):
 garbage-first heap   total 157696K, used 51248K [0x0000000702800000, 0x0000000800000000)
  region size 2048K, 23 young (47104K), 2 survivors (4096K)
 Metaspace       used 35498K, committed 35840K, reserved 1081344K
  class space    used 4447K, committed 4608K, reserved 1048576K
}
Event: 2.528 GC heap after
{Heap after GC invocations=8 (full 0):
 garbage-first heap   total 157696K, used 15068K [0x0000000702800000, 0x0000000800000000)
  region size 2048K, 3 young (6144K), 3 survivors (6144K)
 Metaspace       used 35498K, committed 35840K, reserved 1081344K
  class space    used 4447K, committed 4608K, reserved 1048576K
}
Event: 2.836 GC heap before
{Heap before GC invocations=9 (full 0):
 garbage-first heap   total 61440K, used 43740K [0x0000000702800000, 0x0000000800000000)
  region size 2048K, 18 young (36864K), 3 survivors (6144K)
 Metaspace       used 38885K, committed 39232K, reserved 1089536K
  class space    used 4861K, committed 5056K, reserved 1048576K
}
Event: 2.845 GC heap after
{Heap after GC invocations=10 (full 0):
 garbage-first heap   total 61440K, used 18300K [0x0000000702800000, 0x0000000800000000)
  region size 2048K, 2 young (4096K), 2 survivors (4096K)
 Metaspace       used 38885K, committed 39232K, reserved 1089536K
  class space    used 4861K, committed 5056K, reserved 1048576K
}
Event: 2.928 GC heap before
{Heap before GC invocations=10 (full 0):
 garbage-first heap   total 61440K, used 42876K [0x0000000702800000, 0x0000000800000000)
  region size 2048K, 15 young (30720K), 2 survivors (4096K)
 Metaspace       used 38896K, committed 39232K, reserved 1089536K
  class space    used 4862K, committed 5056K, reserved 1048576K
}
Event: 2.932 GC heap after
{Heap after GC invocations=11 (full 0):
 garbage-first heap   total 61440K, used 20122K [0x0000000702800000, 0x0000000800000000)
  region size 2048K, 2 young (4096K), 2 survivors (4096K)
 Metaspace       used 38896K, committed 39232K, reserved 1089536K
  class space    used 4862K, committed 5056K, reserved 1048576K
}
Event: 3.017 GC heap before
{Heap before GC invocations=11 (full 0):
 garbage-first heap   total 61440K, used 42650K [0x0000000702800000, 0x0000000800000000)
  region size 2048K, 13 young (26624K), 2 survivors (4096K)
 Metaspace       used 39487K, committed 39872K, reserved 1089536K
  class space    used 4919K, committed 5120K, reserved 1048576K
}
Event: 3.020 GC heap after
{Heap after GC invocations=12 (full 0):
 garbage-first heap   total 61440K, used 20717K [0x0000000702800000, 0x0000000800000000)
  region size 2048K, 1 young (2048K), 1 survivors (2048K)
 Metaspace       used 39487K, committed 39872K, reserved 1089536K
  class space    used 4919K, committed 5120K, reserved 1048576K
}
Event: 3.311 GC heap before
{Heap before GC invocations=12 (full 0):
 garbage-first heap   total 61440K, used 41197K [0x0000000702800000, 0x0000000800000000)
  region size 2048K, 12 young (24576K), 1 survivors (2048K)
 Metaspace       used 40836K, committed 41216K, reserved 1089536K
  class space    used 5114K, committed 5312K, reserved 1048576K
}
Event: 3.315 GC heap after
{Heap after GC invocations=13 (full 0):
 garbage-first heap   total 161792K, used 22276K [0x0000000702800000, 0x0000000800000000)
  region size 2048K, 2 young (4096K), 2 survivors (4096K)
 Metaspace       used 40836K, committed 41216K, reserved 1089536K
  class space    used 5114K, committed 5312K, reserved 1048576K
}
Event: 4.612 GC heap before
{Heap before GC invocations=13 (full 0):
 garbage-first heap   total 161792K, used 114436K [0x0000000702800000, 0x0000000800000000)
  region size 2048K, 47 young (96256K), 2 survivors (4096K)
 Metaspace       used 47706K, committed 48128K, reserved 1097728K
  class space    used 6261K, committed 6464K, reserved 1048576K
}
Event: 4.629 GC heap after
{Heap after GC invocations=14 (full 0):
 garbage-first heap   total 161792K, used 32393K [0x0000000702800000, 0x0000000800000000)
  region size 2048K, 6 young (12288K), 6 survivors (12288K)
 Metaspace       used 47706K, committed 48128K, reserved 1097728K
  class space    used 6261K, committed 6464K, reserved 1048576K
}
Event: 281.803 GC heap before
{Heap before GC invocations=14 (full 0):
 garbage-first heap   total 161792K, used 89737K [0x0000000702800000, 0x0000000800000000)
  region size 2048K, 35 young (71680K), 6 survivors (12288K)
 Metaspace       used 55886K, committed 56448K, reserved 1097728K
  class space    used 7353K, committed 7616K, reserved 1048576K
}
Event: 281.862 GC heap after
{Heap after GC invocations=15 (full 1):
 garbage-first heap   total 116736K, used 31477K [0x0000000702800000, 0x0000000800000000)
  region size 2048K, 0 young (0K), 0 survivors (0K)
 Metaspace       used 55886K, committed 56448K, reserved 1097728K
  class space    used 7353K, committed 7616K, reserved 1048576K
}
Event: 282.449 GC heap before
{Heap before GC invocations=15 (full 1):
 garbage-first heap   total 116736K, used 82677K [0x0000000702800000, 0x0000000800000000)
  region size 2048K, 26 young (53248K), 0 survivors (0K)
 Metaspace       used 55938K, committed 56448K, reserved 1097728K
  class space    used 7363K, committed 7616K, reserved 1048576K
}
Event: 282.453 GC heap after
{Heap after GC invocations=16 (full 1):
 garbage-first heap   total 116736K, used 35429K [0x0000000702800000, 0x0000000800000000)
  region size 2048K, 2 young (4096K), 2 survivors (4096K)
 Metaspace       used 55938K, committed 56448K, reserved 1097728K
  class space    used 7363K, committed 7616K, reserved 1048576K
}
Event: 439.178 GC heap before
{Heap before GC invocations=16 (full 1):
 garbage-first heap   total 116736K, used 78437K [0x0000000702800000, 0x0000000800000000)
  region size 2048K, 24 young (49152K), 2 survivors (4096K)
 Metaspace       used 56271K, committed 56832K, reserved 1097728K
  class space    used 7413K, committed 7680K, reserved 1048576K
}

