# JRE version: OpenJDK Runtime Environment (16.0.2+7) (build 16.0.2+7-67)
# Java VM: OpenJDK 64-Bit Server VM (16.0.2+7-67, mixed mode, tiered, compressed oops, compressed class ptrs, g1 gc, windows-amd64)
GC Precious Log:
 CPUs: 4 total, 4 available
 Memory: 16218M
 Large Page Support: Disabled
 NUMA Support: Disabled
 Compressed Oops: Enabled (Zero based)
 Heap Region Size: 2M
 Heap Min Capacity: 8M
 Heap Initial Capacity: 254M
 Heap Max Capacity: 4056M
 Pre-touch: Disabled
 Parallel Workers: 4
 Concurrent Workers: 1
 Concurrent Refinement Workers: 4
 Periodic GC: Disabled
Heap:
 garbage-first heap   total 86016K, used 53054K [0x0000000702800000, 0x0000000800000000)
  region size 2048K, 10 young (20480K), 2 survivors (4096K)
 Metaspace       used 55909K, committed 56384K, reserved 1097728K
  class space    used 7360K, committed 7616K, reserved 1048576K
GC Heap History (20 events):
Event: 1.655 GC heap after
{Heap after GC invocations=6 (full 0):
 garbage-first heap   total 55296K, used 11004K [0x0000000702800000, 0x0000000800000000)
  region size 2048K, 2 young (4096K), 2 survivors (4096K)
 Metaspace       used 25631K, committed 25856K, reserved 1073152K
  class space    used 3153K, committed 3264K, reserved 1048576K
}
Event: 1.912 GC heap before
{Heap before GC invocations=6 (full 0):
 garbage-first heap   total 55296K, used 37628K [0x0000000702800000, 0x0000000800000000)
  region size 2048K, 15 young (30720K), 2 survivors (4096K)
 Metaspace       used 30198K, committed 30528K, reserved 1081344K
  class space    used 3672K, committed 3840K, reserved 1048576K
}
Event: 1.917 GC heap after
{Heap after GC invocations=7 (full 0):
 garbage-first heap   total 157696K, used 12382K [0x0000000702800000, 0x0000000800000000)
  region size 2048K, 2 young (4096K), 2 survivors (4096K)
 Metaspace       used 30198K, committed 30528K, reserved 1081344K
  class space    used 3672K, committed 3840K, reserved 1048576K
}
Event: 2.620 GC heap before
{Heap before GC invocations=7 (full 0):
 garbage-first heap   total 157696K, used 59486K [0x0000000702800000, 0x0000000800000000)
  region size 2048K, 26 young (53248K), 2 survivors (4096K)
 Metaspace       used 35551K, committed 35840K, reserved 1081344K
  class space    used 4467K, committed 4608K, reserved 1048576K
}
Event: 2.628 GC heap after
{Heap after GC invocations=8 (full 0):
 garbage-first heap   total 157696K, used 15115K [0x0000000702800000, 0x0000000800000000)
  region size 2048K, 3 young (6144K), 3 survivors (6144K)
 Metaspace       used 35551K, committed 35840K, reserved 1081344K
  class space    used 4467K, committed 4608K, reserved 1048576K
}
Event: 2.932 GC heap before
{Heap before GC invocations=9 (full 0):
 garbage-first heap   total 61440K, used 51979K [0x0000000702800000, 0x0000000800000000)
  region size 2048K, 22 young (45056K), 3 survivors (6144K)
 Metaspace       used 38869K, committed 39232K, reserved 1089536K
  class space    used 4861K, committed 5056K, reserved 1048576K
}
Event: 2.943 GC heap after
{Heap after GC invocations=10 (full 0):
 garbage-first heap   total 67584K, used 20743K [0x0000000702800000, 0x0000000800000000)
  region size 2048K, 3 young (6144K), 3 survivors (6144K)
 Metaspace       used 38869K, committed 39232K, reserved 1089536K
  class space    used 4861K, committed 5056K, reserved 1048576K
}
Event: 3.067 GC heap before
{Heap before GC invocations=10 (full 0):
 garbage-first heap   total 67584K, used 45319K [0x0000000702800000, 0x0000000800000000)
  region size 2048K, 16 young (32768K), 3 survivors (6144K)
 Metaspace       used 39323K, committed 39680K, reserved 1089536K
  class space    used 4902K, committed 5056K, reserved 1048576K
}
Event: 3.073 GC heap after
{Heap after GC invocations=11 (full 0):
 garbage-first heap   total 67584K, used 20881K [0x0000000702800000, 0x0000000800000000)
  region size 2048K, 1 young (2048K), 1 survivors (2048K)
 Metaspace       used 39323K, committed 39680K, reserved 1089536K
  class space    used 4902K, committed 5056K, reserved 1048576K
}
Event: 3.282 GC heap before
{Heap before GC invocations=11 (full 0):
 garbage-first heap   total 67584K, used 49553K [0x0000000702800000, 0x0000000800000000)
  region size 2048K, 15 young (30720K), 1 survivors (2048K)
 Metaspace       used 40288K, committed 40640K, reserved 1089536K
  class space    used 5036K, committed 5184K, reserved 1048576K
}
Event: 3.286 GC heap after
{Heap after GC invocations=12 (full 0):
 garbage-first heap   total 67584K, used 21254K [0x0000000702800000, 0x0000000800000000)
  region size 2048K, 1 young (2048K), 1 survivors (2048K)
 Metaspace       used 40288K, committed 40640K, reserved 1089536K
  class space    used 5036K, committed 5184K, reserved 1048576K
}
Event: 3.640 GC heap before
{Heap before GC invocations=12 (full 0):
 garbage-first heap   total 67584K, used 47878K [0x0000000702800000, 0x0000000800000000)
  region size 2048K, 15 young (30720K), 1 survivors (2048K)
 Metaspace       used 42460K, committed 42816K, reserved 1089536K
  class space    used 5422K, committed 5568K, reserved 1048576K
}
Event: 3.646 GC heap after
{Heap after GC invocations=13 (full 0):
 garbage-first heap   total 86016K, used 24661K [0x0000000702800000, 0x0000000800000000)
  region size 2048K, 2 young (4096K), 2 survivors (4096K)
 Metaspace       used 42460K, committed 42816K, reserved 1089536K
  class space    used 5422K, committed 5568K, reserved 1048576K
}
Event: 4.141 GC heap before
{Heap before GC invocations=13 (full 0):
 garbage-first heap   total 86016K, used 63573K [0x0000000702800000, 0x0000000800000000)
  region size 2048K, 21 young (43008K), 2 survivors (4096K)
 Metaspace       used 46007K, committed 46336K, reserved 1089536K
  class space    used 5990K, committed 6144K, reserved 1048576K
}
Event: 4.150 GC heap after
{Heap after GC invocations=14 (full 0):
 garbage-first heap   total 86016K, used 29001K [0x0000000702800000, 0x0000000800000000)
  region size 2048K, 3 young (6144K), 3 survivors (6144K)
 Metaspace       used 46007K, committed 46336K, reserved 1089536K
  class space    used 5990K, committed 6144K, reserved 1048576K
}
Event: 4.767 GC heap before
{Heap before GC invocations=14 (full 0):
 garbage-first heap   total 86016K, used 63817K [0x0000000702800000, 0x0000000800000000)
  region size 2048K, 20 young (40960K), 3 survivors (6144K)
 Metaspace       used 48264K, committed 48768K, reserved 1097728K
  class space    used 6350K, committed 6592K, reserved 1048576K
}
Event: 4.780 GC heap after
{Heap after GC invocations=15 (full 0):
 garbage-first heap   total 86016K, used 33930K [0x0000000702800000, 0x0000000800000000)
  region size 2048K, 3 young (6144K), 3 survivors (6144K)
 Metaspace       used 48264K, committed 48768K, reserved 1097728K
  class space    used 6350K, committed 6592K, reserved 1048576K
}
Event: 48.318 GC heap before
{Heap before GC invocations=15 (full 0):
 garbage-first heap   total 86016K, used 62602K [0x0000000702800000, 0x0000000800000000)
  region size 2048K, 17 young (34816K), 3 survivors (6144K)
 Metaspace       used 53739K, committed 54208K, reserved 1097728K
  class space    used 7075K, committed 7296K, reserved 1048576K
}
Event: 48.327 GC heap after
{Heap after GC invocations=16 (full 0):
 garbage-first heap   total 86016K, used 37258K [0x0000000702800000, 0x0000000800000000)
  region size 2048K, 2 young (4096K), 2 survivors (4096K)
 Metaspace       used 53739K, committed 54208K, reserved 1097728K
  class space    used 7075K, committed 7296K, reserved 1048576K
}
Event: 193.579 GC heap before
{Heap before GC invocations=16 (full 0):
 garbage-first heap   total 86016K, used 51594K [0x0000000702800000, 0x0000000800000000)
  region size 2048K, 10 young (20480K), 2 survivors (4096K)
 Metaspace       used 55909K, committed 56384K, reserved 1097728K
  class space    used 7360K, committed 7616K, reserved 1048576K
}

