# JRE version: OpenJDK Runtime Environment (16.0.2+7) (build 16.0.2+7-67)
# Java VM: OpenJDK 64-Bit Server VM (16.0.2+7-67, mixed mode, tiered, compressed oops, compressed class ptrs, g1 gc, windows-amd64)
GC Precious Log:
 CPUs: 4 total, 4 available
 Memory: 16218M
 Large Page Support: Disabled
 NUMA Support: Disabled
 Compressed Oops: Enabled (Zero based)
 Heap Region Size: 2M
 Heap Min Capacity: 8M
 Heap Initial Capacity: 254M
 Heap Max Capacity: 4056M
 Pre-touch: Disabled
 Parallel Workers: 4
 Concurrent Workers: 1
 Concurrent Refinement Workers: 4
 Periodic GC: Disabled
Heap:
 garbage-first heap   total 106496K, used 42616K [0x0000000702800000, 0x0000000800000000)
  region size 2048K, 5 young (10240K), 2 survivors (4096K)
 Metaspace       used 56192K, committed 56704K, reserved 1097728K
  class space    used 7405K, committed 7680K, reserved 1048576K
GC Heap History (20 events):
Event: 3.489 GC heap after
{Heap after GC invocations=10 (full 0):
 garbage-first heap   total 69632K, used 20275K [0x0000000702800000, 0x0000000800000000)
  region size 2048K, 2 young (4096K), 2 survivors (4096K)
 Metaspace       used 39175K, committed 39488K, reserved 1089536K
  class space    used 4886K, committed 5056K, reserved 1048576K
}
Event: 3.634 GC heap before
{Heap before GC invocations=10 (full 0):
 garbage-first heap   total 69632K, used 46899K [0x0000000702800000, 0x0000000800000000)
  region size 2048K, 15 young (30720K), 2 survivors (4096K)
 Metaspace       used 39611K, committed 40000K, reserved 1089536K
  class space    used 4945K, committed 5120K, reserved 1048576K
}
Event: 3.637 GC heap after
{Heap after GC invocations=11 (full 0):
 garbage-first heap   total 69632K, used 20793K [0x0000000702800000, 0x0000000800000000)
  region size 2048K, 1 young (2048K), 1 survivors (2048K)
 Metaspace       used 39611K, committed 40000K, reserved 1089536K
  class space    used 4945K, committed 5120K, reserved 1048576K
}
Event: 4.006 GC heap before
{Heap before GC invocations=11 (full 0):
 garbage-first heap   total 69632K, used 49465K [0x0000000702800000, 0x0000000800000000)
  region size 2048K, 15 young (30720K), 1 survivors (2048K)
 Metaspace       used 41504K, committed 41920K, reserved 1089536K
  class space    used 5241K, committed 5440K, reserved 1048576K
}
Event: 4.012 GC heap after
{Heap after GC invocations=12 (full 0):
 garbage-first heap   total 88064K, used 24169K [0x0000000702800000, 0x0000000800000000)
  region size 2048K, 2 young (4096K), 2 survivors (4096K)
 Metaspace       used 41504K, committed 41920K, reserved 1089536K
  class space    used 5241K, committed 5440K, reserved 1048576K
}
Event: 4.541 GC heap before
{Heap before GC invocations=12 (full 0):
 garbage-first heap   total 88064K, used 65129K [0x0000000702800000, 0x0000000800000000)
  region size 2048K, 22 young (45056K), 2 survivors (4096K)
 Metaspace       used 45725K, committed 46144K, reserved 1089536K
  class space    used 5944K, committed 6144K, reserved 1048576K
}
Event: 4.550 GC heap after
{Heap after GC invocations=13 (full 0):
 garbage-first heap   total 88064K, used 28381K [0x0000000702800000, 0x0000000800000000)
  region size 2048K, 3 young (6144K), 3 survivors (6144K)
 Metaspace       used 45725K, committed 46144K, reserved 1089536K
  class space    used 5944K, committed 6144K, reserved 1048576K
}
Event: 5.151 GC heap before
{Heap before GC invocations=13 (full 0):
 garbage-first heap   total 88064K, used 63197K [0x0000000702800000, 0x0000000800000000)
  region size 2048K, 20 young (40960K), 3 survivors (6144K)
 Metaspace       used 47352K, committed 47872K, reserved 1097728K
  class space    used 6210K, committed 6464K, reserved 1048576K
}
Event: 5.162 GC heap after
{Heap after GC invocations=14 (full 0):
 garbage-first heap   total 88064K, used 32606K [0x0000000702800000, 0x0000000800000000)
  region size 2048K, 3 young (6144K), 3 survivors (6144K)
 Metaspace       used 47352K, committed 47872K, reserved 1097728K
  class space    used 6210K, committed 6464K, reserved 1048576K
}
Event: 6.456 GC heap before
{Heap before GC invocations=14 (full 0):
 garbage-first heap   total 88064K, used 63326K [0x0000000702800000, 0x0000000800000000)
  region size 2048K, 18 young (36864K), 3 survivors (6144K)
 Metaspace       used 53057K, committed 53568K, reserved 1097728K
  class space    used 6996K, committed 7232K, reserved 1048576K
}
Event: 6.468 GC heap after
{Heap after GC invocations=15 (full 0):
 garbage-first heap   total 88064K, used 36073K [0x0000000702800000, 0x0000000800000000)
  region size 2048K, 2 young (4096K), 2 survivors (4096K)
 Metaspace       used 53057K, committed 53568K, reserved 1097728K
  class space    used 6996K, committed 7232K, reserved 1048576K
}
Event: 212.995 GC heap before
{Heap before GC invocations=15 (full 0):
 garbage-first heap   total 88064K, used 52457K [0x0000000702800000, 0x0000000800000000)
  region size 2048K, 11 young (22528K), 2 survivors (4096K)
 Metaspace       used 55651K, committed 56128K, reserved 1097728K
  class space    used 7321K, committed 7552K, reserved 1048576K
}
Event: 213.053 GC heap after
{Heap after GC invocations=16 (full 1):
 garbage-first heap   total 88064K, used 31372K [0x0000000702800000, 0x0000000800000000)
  region size 2048K, 0 young (0K), 0 survivors (0K)
 Metaspace       used 55651K, committed 56128K, reserved 1097728K
  class space    used 7321K, committed 7552K, reserved 1048576K
}
Event: 213.645 GC heap before
{Heap before GC invocations=16 (full 1):
 garbage-first heap   total 88064K, used 62092K [0x0000000702800000, 0x0000000800000000)
  region size 2048K, 16 young (32768K), 0 survivors (0K)
 Metaspace       used 55698K, committed 56256K, reserved 1097728K
  class space    used 7328K, committed 7616K, reserved 1048576K
}
Event: 213.648 GC heap after
{Heap after GC invocations=17 (full 1):
 garbage-first heap   total 88064K, used 34147K [0x0000000702800000, 0x0000000800000000)
  region size 2048K, 2 young (4096K), 2 survivors (4096K)
 Metaspace       used 55698K, committed 56256K, reserved 1097728K
  class space    used 7328K, committed 7616K, reserved 1048576K
}
Event: 213.836 GC heap before
{Heap before GC invocations=17 (full 1):
 garbage-first heap   total 88064K, used 60771K [0x0000000702800000, 0x0000000800000000)
  region size 2048K, 16 young (32768K), 2 survivors (4096K)
 Metaspace       used 55758K, committed 56256K, reserved 1097728K
  class space    used 7335K, committed 7616K, reserved 1048576K
}
Event: 213.840 GC heap after
{Heap after GC invocations=18 (full 1):
 garbage-first heap   total 88064K, used 35271K [0x0000000702800000, 0x0000000800000000)
  region size 2048K, 1 young (2048K), 1 survivors (2048K)
 Metaspace       used 55758K, committed 56256K, reserved 1097728K
  class space    used 7335K, committed 7616K, reserved 1048576K
}
Event: 454.539 GC heap before
{Heap before GC invocations=18 (full 1):
 garbage-first heap   total 88064K, used 63943K [0x0000000702800000, 0x0000000800000000)
  region size 2048K, 15 young (30720K), 1 survivors (2048K)
 Metaspace       used 56189K, committed 56704K, reserved 1097728K
  class space    used 7404K, committed 7680K, reserved 1048576K
}
Event: 454.543 GC heap after
{Heap after GC invocations=19 (full 1):
 garbage-first heap   total 106496K, used 36884K [0x0000000702800000, 0x0000000800000000)
  region size 2048K, 2 young (4096K), 2 survivors (4096K)
 Metaspace       used 56189K, committed 56704K, reserved 1097728K
  class space    used 7404K, committed 7680K, reserved 1048576K
}
Event: 547.770 GC heap before
{Heap before GC invocations=19 (full 1):
 garbage-first heap   total 106496K, used 40980K [0x0000000702800000, 0x0000000800000000)
  region size 2048K, 5 young (10240K), 2 survivors (4096K)
 Metaspace       used 56192K, committed 56704K, reserved 1097728K
  class space    used 7405K, committed 7680K, reserved 1048576K
}

