# JRE version: OpenJDK Runtime Environment (16.0.2+7) (build 16.0.2+7-67)
# Java VM: OpenJDK 64-Bit Server VM (16.0.2+7-67, mixed mode, tiered, compressed oops, compressed class ptrs, g1 gc, windows-amd64)
GC Precious Log:
 CPUs: 4 total, 4 available
 Memory: 16218M
 Large Page Support: Disabled
 NUMA Support: Disabled
 Compressed Oops: Enabled (Zero based)
 Heap Region Size: 2M
 Heap Min Capacity: 8M
 Heap Initial Capacity: 254M
 Heap Max Capacity: 4056M
 Pre-touch: Disabled
 Parallel Workers: 4
 Concurrent Workers: 1
 Concurrent Refinement Workers: 4
 Periodic GC: Disabled
Heap:
 garbage-first heap   total 102400K, used 52779K [0x0000000702800000, 0x0000000800000000)
  region size 2048K, 11 young (22528K), 3 survivors (6144K)
 Metaspace       used 56184K, committed 56768K, reserved 1097728K
  class space    used 7395K, committed 7680K, reserved 1048576K
GC Heap History (20 events):
Event: 7.796 GC heap after
{Heap after GC invocations=17 (full 0):
 garbage-first heap   total 83968K, used 35423K [0x0000000702800000, 0x0000000800000000)
  region size 2048K, 3 young (6144K), 3 survivors (6144K)
 Metaspace       used 49669K, committed 50176K, reserved 1097728K
  class space    used 6528K, committed 6784K, reserved 1048576K
}
Event: 62.554 GC heap before
{Heap before GC invocations=17 (full 0):
 garbage-first heap   total 83968K, used 57951K [0x0000000702800000, 0x0000000800000000)
  region size 2048K, 14 young (28672K), 3 survivors (6144K)
 Metaspace       used 54278K, committed 54720K, reserved 1097728K
  class space    used 7141K, committed 7360K, reserved 1048576K
}
Event: 62.562 GC heap after
{Heap after GC invocations=18 (full 0):
 garbage-first heap   total 83968K, used 37519K [0x0000000702800000, 0x0000000800000000)
  region size 2048K, 2 young (4096K), 2 survivors (4096K)
 Metaspace       used 54278K, committed 54720K, reserved 1097728K
  class space    used 7141K, committed 7360K, reserved 1048576K
}
Event: 757.442 GC heap before
{Heap before GC invocations=18 (full 0):
 garbage-first heap   total 83968K, used 60047K [0x0000000702800000, 0x0000000800000000)
  region size 2048K, 13 young (26624K), 2 survivors (4096K)
 Metaspace       used 55563K, committed 56064K, reserved 1097728K
  class space    used 7306K, committed 7552K, reserved 1048576K
}
Event: 757.446 GC heap after
{Heap after GC invocations=19 (full 0):
 garbage-first heap   total 83968K, used 37681K [0x0000000702800000, 0x0000000800000000)
  region size 2048K, 2 young (4096K), 2 survivors (4096K)
 Metaspace       used 55563K, committed 56064K, reserved 1097728K
  class space    used 7306K, committed 7552K, reserved 1048576K
}
Event: 927.291 GC heap before
{Heap before GC invocations=20 (full 0):
 garbage-first heap   total 83968K, used 43825K [0x0000000702800000, 0x0000000800000000)
  region size 2048K, 6 young (12288K), 2 survivors (4096K)
 Metaspace       used 55640K, committed 56128K, reserved 1097728K
  class space    used 7323K, committed 7552K, reserved 1048576K
}
Event: 927.351 GC heap after
{Heap after GC invocations=21 (full 1):
 garbage-first heap   total 83968K, used 31375K [0x0000000702800000, 0x0000000800000000)
  region size 2048K, 0 young (0K), 0 survivors (0K)
 Metaspace       used 55640K, committed 56128K, reserved 1097728K
  class space    used 7323K, committed 7552K, reserved 1048576K
}
Event: 927.868 GC heap before
{Heap before GC invocations=21 (full 1):
 garbage-first heap   total 83968K, used 60047K [0x0000000702800000, 0x0000000800000000)
  region size 2048K, 14 young (28672K), 0 survivors (0K)
 Metaspace       used 55678K, committed 56192K, reserved 1097728K
  class space    used 7331K, committed 7616K, reserved 1048576K
}
Event: 927.870 GC heap after
{Heap after GC invocations=22 (full 1):
 garbage-first heap   total 83968K, used 33874K [0x0000000702800000, 0x0000000800000000)
  region size 2048K, 2 young (4096K), 2 survivors (4096K)
 Metaspace       used 55678K, committed 56192K, reserved 1097728K
  class space    used 7331K, committed 7616K, reserved 1048576K
}
Event: 928.005 GC heap before
{Heap before GC invocations=22 (full 1):
 garbage-first heap   total 83968K, used 56402K [0x0000000702800000, 0x0000000800000000)
  region size 2048K, 14 young (28672K), 2 survivors (4096K)
 Metaspace       used 55696K, committed 56192K, reserved 1097728K
  class space    used 7334K, committed 7616K, reserved 1048576K
}
Event: 928.010 GC heap after
{Heap after GC invocations=23 (full 1):
 garbage-first heap   total 83968K, used 34070K [0x0000000702800000, 0x0000000800000000)
  region size 2048K, 1 young (2048K), 1 survivors (2048K)
 Metaspace       used 55696K, committed 56192K, reserved 1097728K
  class space    used 7334K, committed 7616K, reserved 1048576K
}
Event: 929.077 GC heap before
{Heap before GC invocations=23 (full 1):
 garbage-first heap   total 83968K, used 58646K [0x0000000702800000, 0x0000000800000000)
  region size 2048K, 13 young (26624K), 1 survivors (2048K)
 Metaspace       used 55964K, committed 56512K, reserved 1097728K
  class space    used 7372K, committed 7680K, reserved 1048576K
}
Event: 929.085 GC heap after
{Heap after GC invocations=24 (full 1):
 garbage-first heap   total 83968K, used 36219K [0x0000000702800000, 0x0000000800000000)
  region size 2048K, 2 young (4096K), 2 survivors (4096K)
 Metaspace       used 55964K, committed 56512K, reserved 1097728K
  class space    used 7372K, committed 7680K, reserved 1048576K
}
Event: 933.045 GC heap before
{Heap before GC invocations=25 (full 1):
 garbage-first heap   total 83968K, used 40315K [0x0000000702800000, 0x0000000800000000)
  region size 2048K, 5 young (10240K), 2 survivors (4096K)
 Metaspace       used 55969K, committed 56512K, reserved 1097728K
  class space    used 7373K, committed 7680K, reserved 1048576K
}
Event: 933.103 GC heap after
{Heap after GC invocations=26 (full 2):
 garbage-first heap   total 83968K, used 33551K [0x0000000702800000, 0x0000000800000000)
  region size 2048K, 0 young (0K), 0 survivors (0K)
 Metaspace       used 55969K, committed 56512K, reserved 1097728K
  class space    used 7373K, committed 7680K, reserved 1048576K
}
Event: 933.478 GC heap before
{Heap before GC invocations=26 (full 2):
 garbage-first heap   total 83968K, used 62223K [0x0000000702800000, 0x0000000800000000)
  region size 2048K, 14 young (28672K), 0 survivors (0K)
 Metaspace       used 56003K, committed 56576K, reserved 1097728K
  class space    used 7380K, committed 7680K, reserved 1048576K
}
Event: 933.480 GC heap after
{Heap after GC invocations=27 (full 2):
 garbage-first heap   total 102400K, used 35932K [0x0000000702800000, 0x0000000800000000)
  region size 2048K, 2 young (4096K), 2 survivors (4096K)
 Metaspace       used 56003K, committed 56576K, reserved 1097728K
  class space    used 7380K, committed 7680K, reserved 1048576K
}
Event: 933.774 GC heap before
{Heap before GC invocations=27 (full 2):
 garbage-first heap   total 102400K, used 74844K [0x0000000702800000, 0x0000000800000000)
  region size 2048K, 22 young (45056K), 2 survivors (4096K)
 Metaspace       used 56111K, committed 56640K, reserved 1097728K
  class space    used 7390K, committed 7680K, reserved 1048576K
}
Event: 933.778 GC heap after
{Heap after GC invocations=28 (full 2):
 garbage-first heap   total 102400K, used 37973K [0x0000000702800000, 0x0000000800000000)
  region size 2048K, 3 young (6144K), 3 survivors (6144K)
 Metaspace       used 56111K, committed 56640K, reserved 1097728K
  class space    used 7390K, committed 7680K, reserved 1048576K
}
Event: 990.316 GC heap before
{Heap before GC invocations=28 (full 2):
 garbage-first heap   total 102400K, used 52309K [0x0000000702800000, 0x0000000800000000)
  region size 2048K, 11 young (22528K), 3 survivors (6144K)
 Metaspace       used 56184K, committed 56768K, reserved 1097728K
  class space    used 7395K, committed 7680K, reserved 1048576K
}

