# JRE version: OpenJDK Runtime Environment (16.0.2+7) (build 16.0.2+7-67)
# Java VM: OpenJDK 64-Bit Server VM (16.0.2+7-67, mixed mode, tiered, compressed oops, compressed class ptrs, g1 gc, windows-amd64)
GC Precious Log:
 CPUs: 4 total, 4 available
 Memory: 16218M
 Large Page Support: Disabled
 NUMA Support: Disabled
 Compressed Oops: Enabled (Zero based)
 Heap Region Size: 2M
 Heap Min Capacity: 8M
 Heap Initial Capacity: 254M
 Heap Max Capacity: 4056M
 Pre-touch: Disabled
 Parallel Workers: 4
 Concurrent Workers: 1
 Concurrent Refinement Workers: 4
 Periodic GC: Disabled
Heap:
 garbage-first heap   total 102400K, used 38397K [0x0000000702800000, 0x0000000800000000)
  region size 2048K, 3 young (6144K), 2 survivors (4096K)
 Metaspace       used 56256K, committed 56768K, reserved 1097728K
  class space    used 7399K, committed 7680K, reserved 1048576K
GC Heap History (20 events):
Event: 2.424 GC heap after
{Heap after GC invocations=8 (full 0):
 garbage-first heap   total 157696K, used 14895K [0x0000000702800000, 0x0000000800000000)
  region size 2048K, 3 young (6144K), 3 survivors (6144K)
 Metaspace       used 35559K, committed 35840K, reserved 1081344K
  class space    used 4465K, committed 4608K, reserved 1048576K
}
Event: 2.745 GC heap before
{Heap before GC invocations=9 (full 0):
 garbage-first heap   total 69632K, used 47663K [0x0000000702800000, 0x0000000800000000)
  region size 2048K, 20 young (40960K), 3 survivors (6144K)
 Metaspace       used 38772K, committed 39168K, reserved 1089536K
  class space    used 4856K, committed 5056K, reserved 1048576K
}
Event: 2.752 GC heap after
{Heap after GC invocations=10 (full 0):
 garbage-first heap   total 69632K, used 18287K [0x0000000702800000, 0x0000000800000000)
  region size 2048K, 2 young (4096K), 2 survivors (4096K)
 Metaspace       used 38772K, committed 39168K, reserved 1089536K
  class space    used 4856K, committed 5056K, reserved 1048576K
}
Event: 2.879 GC heap before
{Heap before GC invocations=10 (full 0):
 garbage-first heap   total 69632K, used 44911K [0x0000000702800000, 0x0000000800000000)
  region size 2048K, 16 young (32768K), 2 survivors (4096K)
 Metaspace       used 39359K, committed 39744K, reserved 1089536K
  class space    used 4906K, committed 5056K, reserved 1048576K
}
Event: 2.884 GC heap after
{Heap after GC invocations=11 (full 0):
 garbage-first heap   total 69632K, used 20377K [0x0000000702800000, 0x0000000800000000)
  region size 2048K, 2 young (4096K), 2 survivors (4096K)
 Metaspace       used 39359K, committed 39744K, reserved 1089536K
  class space    used 4906K, committed 5056K, reserved 1048576K
}
Event: 3.053 GC heap before
{Heap before GC invocations=11 (full 0):
 garbage-first heap   total 69632K, used 47001K [0x0000000702800000, 0x0000000800000000)
  region size 2048K, 15 young (30720K), 2 survivors (4096K)
 Metaspace       used 40019K, committed 40384K, reserved 1089536K
  class space    used 5001K, committed 5184K, reserved 1048576K
}
Event: 3.056 GC heap after
{Heap after GC invocations=12 (full 0):
 garbage-first heap   total 69632K, used 21092K [0x0000000702800000, 0x0000000800000000)
  region size 2048K, 1 young (2048K), 1 survivors (2048K)
 Metaspace       used 40019K, committed 40384K, reserved 1089536K
  class space    used 5001K, committed 5184K, reserved 1048576K
}
Event: 3.368 GC heap before
{Heap before GC invocations=12 (full 0):
 garbage-first heap   total 69632K, used 47716K [0x0000000702800000, 0x0000000800000000)
  region size 2048K, 14 young (28672K), 1 survivors (2048K)
 Metaspace       used 41605K, committed 41984K, reserved 1089536K
  class space    used 5250K, committed 5440K, reserved 1048576K
}
Event: 3.373 GC heap after
{Heap after GC invocations=13 (full 0):
 garbage-first heap   total 83968K, used 24425K [0x0000000702800000, 0x0000000800000000)
  region size 2048K, 2 young (4096K), 2 survivors (4096K)
 Metaspace       used 41605K, committed 41984K, reserved 1089536K
  class space    used 5250K, committed 5440K, reserved 1048576K
}
Event: 3.805 GC heap before
{Heap before GC invocations=13 (full 0):
 garbage-first heap   total 83968K, used 57193K [0x0000000702800000, 0x0000000800000000)
  region size 2048K, 18 young (36864K), 2 survivors (4096K)
 Metaspace       used 45110K, committed 45504K, reserved 1089536K
  class space    used 5844K, committed 6016K, reserved 1048576K
}
Event: 3.812 GC heap after
{Heap after GC invocations=14 (full 0):
 garbage-first heap   total 83968K, used 27731K [0x0000000702800000, 0x0000000800000000)
  region size 2048K, 2 young (4096K), 2 survivors (4096K)
 Metaspace       used 45110K, committed 45504K, reserved 1089536K
  class space    used 5844K, committed 6016K, reserved 1048576K
}
Event: 4.239 GC heap before
{Heap before GC invocations=14 (full 0):
 garbage-first heap   total 83968K, used 58451K [0x0000000702800000, 0x0000000800000000)
  region size 2048K, 17 young (34816K), 2 survivors (4096K)
 Metaspace       used 46789K, committed 47168K, reserved 1089536K
  class space    used 6103K, committed 6272K, reserved 1048576K
}
Event: 4.247 GC heap after
{Heap after GC invocations=15 (full 0):
 garbage-first heap   total 83968K, used 31303K [0x0000000702800000, 0x0000000800000000)
  region size 2048K, 3 young (6144K), 3 survivors (6144K)
 Metaspace       used 46789K, committed 47168K, reserved 1089536K
  class space    used 6103K, committed 6272K, reserved 1048576K
}
Event: 4.726 GC heap before
{Heap before GC invocations=15 (full 0):
 garbage-first heap   total 83968K, used 59975K [0x0000000702800000, 0x0000000800000000)
  region size 2048K, 17 young (34816K), 3 survivors (6144K)
 Metaspace       used 50522K, committed 50944K, reserved 1097728K
  class space    used 6654K, committed 6848K, reserved 1048576K
}
Event: 4.737 GC heap after
{Heap after GC invocations=16 (full 0):
 garbage-first heap   total 83968K, used 35744K [0x0000000702800000, 0x0000000800000000)
  region size 2048K, 3 young (6144K), 3 survivors (6144K)
 Metaspace       used 50522K, committed 50944K, reserved 1097728K
  class space    used 6654K, committed 6848K, reserved 1048576K
}
Event: 156.853 GC heap before
{Heap before GC invocations=16 (full 0):
 garbage-first heap   total 83968K, used 58272K [0x0000000702800000, 0x0000000800000000)
  region size 2048K, 15 young (30720K), 3 survivors (6144K)
 Metaspace       used 54596K, committed 55040K, reserved 1097728K
  class space    used 7174K, committed 7424K, reserved 1048576K
}
Event: 156.860 GC heap after
{Heap after GC invocations=17 (full 0):
 garbage-first heap   total 102400K, used 37558K [0x0000000702800000, 0x0000000800000000)
  region size 2048K, 1 young (2048K), 1 survivors (2048K)
 Metaspace       used 54596K, committed 55040K, reserved 1097728K
  class space    used 7174K, committed 7424K, reserved 1048576K
}
Event: 1092.446 GC heap before
{Heap before GC invocations=17 (full 0):
 garbage-first heap   total 102400K, used 74422K [0x0000000702800000, 0x0000000800000000)
  region size 2048K, 19 young (38912K), 1 survivors (2048K)
 Metaspace       used 56255K, committed 56768K, reserved 1097728K
  class space    used 7399K, committed 7680K, reserved 1048576K
}
Event: 1092.452 GC heap after
{Heap after GC invocations=18 (full 0):
 garbage-first heap   total 102400K, used 37966K [0x0000000702800000, 0x0000000800000000)
  region size 2048K, 2 young (4096K), 2 survivors (4096K)
 Metaspace       used 56255K, committed 56768K, reserved 1097728K
  class space    used 7399K, committed 7680K, reserved 1048576K
}
Event: 1092.481 GC heap before
{Heap before GC invocations=18 (full 0):
 garbage-first heap   total 102400K, used 37966K [0x0000000702800000, 0x0000000800000000)
  region size 2048K, 3 young (6144K), 2 survivors (4096K)
 Metaspace       used 56256K, committed 56768K, reserved 1097728K
  class space    used 7399K, committed 7680K, reserved 1048576K
}

