# JRE version: OpenJDK Runtime Environment (16.0.2+7) (build 16.0.2+7-67)
# Java VM: OpenJDK 64-Bit Server VM (16.0.2+7-67, mixed mode, tiered, compressed oops, compressed class ptrs, g1 gc, windows-amd64)
GC Precious Log:
 CPUs: 4 total, 4 available
 Memory: 16218M
 Large Page Support: Disabled
 NUMA Support: Disabled
 Compressed Oops: Enabled (Zero based)
 Heap Region Size: 2M
 Heap Min Capacity: 8M
 Heap Initial Capacity: 254M
 Heap Max Capacity: 4056M
 Pre-touch: Disabled
 Parallel Workers: 4
 Concurrent Workers: 1
 Concurrent Refinement Workers: 4
 Periodic GC: Disabled
Heap:
 garbage-first heap   total 79872K, used 59058K [0x0000000702800000, 0x0000000800000000)
  region size 2048K, 19 young (38912K), 2 survivors (4096K)
 Metaspace       used 51598K, committed 52096K, reserved 1097728K
  class space    used 6696K, committed 6912K, reserved 1048576K
GC Heap History (20 events):
Event: 0.829 GC heap after
{Heap after GC invocations=2 (full 0):
 garbage-first heap   total 260096K, used 6719K [0x0000000702800000, 0x0000000800000000)
  region size 2048K, 1 young (2048K), 1 survivors (2048K)
 Metaspace       used 14471K, committed 14656K, reserved 1064960K
  class space    used 1482K, committed 1536K, reserved 1048576K
}
Event: 1.061 GC heap before
{Heap before GC invocations=2 (full 0):
 garbage-first heap   total 260096K, used 29247K [0x0000000702800000, 0x0000000800000000)
  region size 2048K, 13 young (26624K), 1 survivors (2048K)
 Metaspace       used 17560K, committed 17792K, reserved 1073152K
  class space    used 1881K, committed 1984K, reserved 1048576K
}
Event: 1.065 GC heap after
{Heap after GC invocations=3 (full 0):
 garbage-first heap   total 260096K, used 7616K [0x0000000702800000, 0x0000000800000000)
  region size 2048K, 2 young (4096K), 2 survivors (4096K)
 Metaspace       used 17560K, committed 17792K, reserved 1073152K
  class space    used 1881K, committed 1984K, reserved 1048576K
}
Event: 1.415 GC heap before
{Heap before GC invocations=3 (full 0):
 garbage-first heap   total 260096K, used 24000K [0x0000000702800000, 0x0000000800000000)
  region size 2048K, 11 young (22528K), 2 survivors (4096K)
 Metaspace       used 21042K, committed 21248K, reserved 1073152K
  class space    used 2402K, committed 2496K, reserved 1048576K
}
Event: 1.420 GC heap after
{Heap after GC invocations=4 (full 0):
 garbage-first heap   total 260096K, used 9142K [0x0000000702800000, 0x0000000800000000)
  region size 2048K, 3 young (6144K), 3 survivors (6144K)
 Metaspace       used 21042K, committed 21248K, reserved 1073152K
  class space    used 2402K, committed 2496K, reserved 1048576K
}
Event: 1.748 GC heap before
{Heap before GC invocations=5 (full 0):
 garbage-first heap   total 55296K, used 35766K [0x0000000702800000, 0x0000000800000000)
  region size 2048K, 16 young (32768K), 3 survivors (6144K)
 Metaspace       used 25670K, committed 25920K, reserved 1073152K
  class space    used 3162K, committed 3264K, reserved 1048576K
}
Event: 1.756 GC heap after
{Heap after GC invocations=6 (full 0):
 garbage-first heap   total 55296K, used 10737K [0x0000000702800000, 0x0000000800000000)
  region size 2048K, 2 young (4096K), 2 survivors (4096K)
 Metaspace       used 25670K, committed 25920K, reserved 1073152K
  class space    used 3162K, committed 3264K, reserved 1048576K
}
Event: 1.999 GC heap before
{Heap before GC invocations=6 (full 0):
 garbage-first heap   total 55296K, used 35313K [0x0000000702800000, 0x0000000800000000)
  region size 2048K, 15 young (30720K), 2 survivors (4096K)
 Metaspace       used 30108K, committed 30464K, reserved 1081344K
  class space    used 3670K, committed 3840K, reserved 1048576K
}
Event: 2.003 GC heap after
{Heap after GC invocations=7 (full 0):
 garbage-first heap   total 55296K, used 11904K [0x0000000702800000, 0x0000000800000000)
  region size 2048K, 2 young (4096K), 2 survivors (4096K)
 Metaspace       used 30108K, committed 30464K, reserved 1081344K
  class space    used 3670K, committed 3840K, reserved 1048576K
}
Event: 2.428 GC heap before
{Heap before GC invocations=7 (full 0):
 garbage-first heap   total 55296K, used 38528K [0x0000000702800000, 0x0000000800000000)
  region size 2048K, 15 young (30720K), 2 survivors (4096K)
 Metaspace       used 32695K, committed 33024K, reserved 1081344K
  class space    used 4074K, committed 4224K, reserved 1048576K
}
Event: 2.434 GC heap after
{Heap after GC invocations=8 (full 0):
 garbage-first heap   total 157696K, used 13153K [0x0000000702800000, 0x0000000800000000)
  region size 2048K, 2 young (4096K), 2 survivors (4096K)
 Metaspace       used 32695K, committed 33024K, reserved 1081344K
  class space    used 4074K, committed 4224K, reserved 1048576K
}
Event: 2.728 GC heap before
{Heap before GC invocations=8 (full 0):
 garbage-first heap   total 157696K, used 27489K [0x0000000702800000, 0x0000000800000000)
  region size 2048K, 10 young (20480K), 2 survivors (4096K)
 Metaspace       used 35551K, committed 35840K, reserved 1081344K
  class space    used 4487K, committed 4608K, reserved 1048576K
}
Event: 2.734 GC heap after
{Heap after GC invocations=9 (full 0):
 garbage-first heap   total 157696K, used 14613K [0x0000000702800000, 0x0000000800000000)
  region size 2048K, 3 young (6144K), 3 survivors (6144K)
 Metaspace       used 35551K, committed 35840K, reserved 1081344K
  class space    used 4487K, committed 4608K, reserved 1048576K
}
Event: 3.045 GC heap before
{Heap before GC invocations=10 (full 0):
 garbage-first heap   total 69632K, used 63765K [0x0000000702800000, 0x0000000800000000)
  region size 2048K, 28 young (57344K), 3 survivors (6144K)
 Metaspace       used 38212K, committed 38592K, reserved 1089536K
  class space    used 4749K, committed 4928K, reserved 1048576K
}
Event: 3.054 GC heap after
{Heap after GC invocations=11 (full 0):
 garbage-first heap   total 79872K, used 18715K [0x0000000702800000, 0x0000000800000000)
  region size 2048K, 4 young (8192K), 4 survivors (8192K)
 Metaspace       used 38212K, committed 38592K, reserved 1089536K
  class space    used 4749K, committed 4928K, reserved 1048576K
}
Event: 3.429 GC heap before
{Heap before GC invocations=11 (full 0):
 garbage-first heap   total 79872K, used 55579K [0x0000000702800000, 0x0000000800000000)
  region size 2048K, 22 young (45056K), 4 survivors (8192K)
 Metaspace       used 40769K, committed 41152K, reserved 1089536K
  class space    used 5196K, committed 5376K, reserved 1048576K
}
Event: 3.437 GC heap after
{Heap after GC invocations=12 (full 0):
 garbage-first heap   total 79872K, used 20069K [0x0000000702800000, 0x0000000800000000)
  region size 2048K, 1 young (2048K), 1 survivors (2048K)
 Metaspace       used 40769K, committed 41152K, reserved 1089536K
  class space    used 5196K, committed 5376K, reserved 1048576K
}
Event: 4.279 GC heap before
{Heap before GC invocations=12 (full 0):
 garbage-first heap   total 79872K, used 58981K [0x0000000702800000, 0x0000000800000000)
  region size 2048K, 20 young (40960K), 1 survivors (2048K)
 Metaspace       used 46166K, committed 46656K, reserved 1089536K
  class space    used 5967K, committed 6208K, reserved 1048576K
}
Event: 4.287 GC heap after
{Heap after GC invocations=13 (full 0):
 garbage-first heap   total 79872K, used 24242K [0x0000000702800000, 0x0000000800000000)
  region size 2048K, 3 young (6144K), 3 survivors (6144K)
 Metaspace       used 46166K, committed 46656K, reserved 1089536K
  class space    used 5967K, committed 6208K, reserved 1048576K
}
Event: 326.551 GC heap before
{Heap before GC invocations=13 (full 0):
 garbage-first heap   total 79872K, used 59058K [0x0000000702800000, 0x0000000800000000)
  region size 2048K, 20 young (40960K), 3 survivors (6144K)
 Metaspace       used 51598K, committed 52096K, reserved 1097728K
  class space    used 6696K, committed 6912K, reserved 1048576K
}

