# JRE version: OpenJDK Runtime Environment (16.0.2+7) (build 16.0.2+7-67)
# Java VM: OpenJDK 64-Bit Server VM (16.0.2+7-67, mixed mode, tiered, compressed oops, compressed class ptrs, g1 gc, windows-amd64)
GC Precious Log:
 CPUs: 4 total, 4 available
 Memory: 16218M
 Large Page Support: Disabled
 NUMA Support: Disabled
 Compressed Oops: Enabled (Zero based)
 Heap Region Size: 2M
 Heap Min Capacity: 8M
 Heap Initial Capacity: 254M
 Heap Max Capacity: 4056M
 Pre-touch: Disabled
 Parallel Workers: 4
 Concurrent Workers: 1
 Concurrent Refinement Workers: 4
 Periodic GC: Disabled
Heap:
 garbage-first heap   total 79872K, used 32744K [0x0000000702800000, 0x0000000800000000)
  region size 2048K, 9 young (18432K), 2 survivors (4096K)
 Metaspace       used 42914K, committed 43264K, reserved 1089536K
  class space    used 5501K, committed 5696K, reserved 1048576K
GC Heap History (20 events):
Event: 0.408 GC heap before
{Heap before GC invocations=0 (full 0):
 garbage-first heap   total 260096K, used 10240K [0x0000000702800000, 0x0000000800000000)
  region size 2048K, 6 young (12288K), 0 survivors (0K)
 Metaspace       used 7387K, committed 7616K, reserved 1056768K
  class space    used 664K, committed 768K, reserved 1048576K
}
Event: 0.411 GC heap after
{Heap after GC invocations=1 (full 0):
 garbage-first heap   total 260096K, used 4421K [0x0000000702800000, 0x0000000800000000)
  region size 2048K, 1 young (2048K), 1 survivors (2048K)
 Metaspace       used 7387K, committed 7616K, reserved 1056768K
  class space    used 664K, committed 768K, reserved 1048576K
}
Event: 0.804 GC heap before
{Heap before GC invocations=1 (full 0):
 garbage-first heap   total 260096K, used 16709K [0x0000000702800000, 0x0000000800000000)
  region size 2048K, 7 young (14336K), 1 survivors (2048K)
 Metaspace       used 14463K, committed 14656K, reserved 1064960K
  class space    used 1482K, committed 1536K, reserved 1048576K
}
Event: 0.808 GC heap after
{Heap after GC invocations=2 (full 0):
 garbage-first heap   total 260096K, used 6670K [0x0000000702800000, 0x0000000800000000)
  region size 2048K, 1 young (2048K), 1 survivors (2048K)
 Metaspace       used 14463K, committed 14656K, reserved 1064960K
  class space    used 1482K, committed 1536K, reserved 1048576K
}
Event: 1.023 GC heap before
{Heap before GC invocations=2 (full 0):
 garbage-first heap   total 260096K, used 29198K [0x0000000702800000, 0x0000000800000000)
  region size 2048K, 13 young (26624K), 1 survivors (2048K)
 Metaspace       used 17608K, committed 17856K, reserved 1073152K
  class space    used 1893K, committed 1984K, reserved 1048576K
}
Event: 1.027 GC heap after
{Heap after GC invocations=3 (full 0):
 garbage-first heap   total 260096K, used 7561K [0x0000000702800000, 0x0000000800000000)
  region size 2048K, 2 young (4096K), 2 survivors (4096K)
 Metaspace       used 17608K, committed 17856K, reserved 1073152K
  class space    used 1893K, committed 1984K, reserved 1048576K
}
Event: 1.362 GC heap before
{Heap before GC invocations=3 (full 0):
 garbage-first heap   total 260096K, used 23945K [0x0000000702800000, 0x0000000800000000)
  region size 2048K, 11 young (22528K), 2 survivors (4096K)
 Metaspace       used 21030K, committed 21248K, reserved 1073152K
  class space    used 2402K, committed 2496K, reserved 1048576K
}
Event: 1.367 GC heap after
{Heap after GC invocations=4 (full 0):
 garbage-first heap   total 260096K, used 8843K [0x0000000702800000, 0x0000000800000000)
  region size 2048K, 3 young (6144K), 3 survivors (6144K)
 Metaspace       used 21030K, committed 21248K, reserved 1073152K
  class space    used 2402K, committed 2496K, reserved 1048576K
}
Event: 1.676 GC heap before
{Heap before GC invocations=5 (full 0):
 garbage-first heap   total 55296K, used 35467K [0x0000000702800000, 0x0000000800000000)
  region size 2048K, 16 young (32768K), 3 survivors (6144K)
 Metaspace       used 25826K, committed 26112K, reserved 1073152K
  class space    used 3183K, committed 3328K, reserved 1048576K
}
Event: 1.683 GC heap after
{Heap after GC invocations=6 (full 0):
 garbage-first heap   total 55296K, used 10511K [0x0000000702800000, 0x0000000800000000)
  region size 2048K, 2 young (4096K), 2 survivors (4096K)
 Metaspace       used 25826K, committed 26112K, reserved 1073152K
  class space    used 3183K, committed 3328K, reserved 1048576K
}
Event: 1.908 GC heap before
{Heap before GC invocations=6 (full 0):
 garbage-first heap   total 55296K, used 37135K [0x0000000702800000, 0x0000000800000000)
  region size 2048K, 15 young (30720K), 2 survivors (4096K)
 Metaspace       used 30143K, committed 30464K, reserved 1081344K
  class space    used 3662K, committed 3840K, reserved 1048576K
}
Event: 1.912 GC heap after
{Heap after GC invocations=7 (full 0):
 garbage-first heap   total 55296K, used 12092K [0x0000000702800000, 0x0000000800000000)
  region size 2048K, 2 young (4096K), 2 survivors (4096K)
 Metaspace       used 30143K, committed 30464K, reserved 1081344K
  class space    used 3662K, committed 3840K, reserved 1048576K
}
Event: 2.291 GC heap before
{Heap before GC invocations=7 (full 0):
 garbage-first heap   total 55296K, used 38716K [0x0000000702800000, 0x0000000800000000)
  region size 2048K, 15 young (30720K), 2 survivors (4096K)
 Metaspace       used 32799K, committed 33088K, reserved 1081344K
  class space    used 4077K, committed 4224K, reserved 1048576K
}
Event: 2.296 GC heap after
{Heap after GC invocations=8 (full 0):
 garbage-first heap   total 157696K, used 13243K [0x0000000702800000, 0x0000000800000000)
  region size 2048K, 2 young (4096K), 2 survivors (4096K)
 Metaspace       used 32799K, committed 33088K, reserved 1081344K
  class space    used 4077K, committed 4224K, reserved 1048576K
}
Event: 2.550 GC heap before
{Heap before GC invocations=8 (full 0):
 garbage-first heap   total 157696K, used 27579K [0x0000000702800000, 0x0000000800000000)
  region size 2048K, 10 young (20480K), 2 survivors (4096K)
 Metaspace       used 35522K, committed 35840K, reserved 1081344K
  class space    used 4480K, committed 4672K, reserved 1048576K
}
Event: 2.556 GC heap after
{Heap after GC invocations=9 (full 0):
 garbage-first heap   total 157696K, used 14847K [0x0000000702800000, 0x0000000800000000)
  region size 2048K, 3 young (6144K), 3 survivors (6144K)
 Metaspace       used 35522K, committed 35840K, reserved 1081344K
  class space    used 4480K, committed 4672K, reserved 1048576K
}
Event: 2.852 GC heap before
{Heap before GC invocations=10 (full 0):
 garbage-first heap   total 69632K, used 63999K [0x0000000702800000, 0x0000000800000000)
  region size 2048K, 28 young (57344K), 3 survivors (6144K)
 Metaspace       used 38214K, committed 38592K, reserved 1089536K
  class space    used 4751K, committed 4928K, reserved 1048576K
}
Event: 2.861 GC heap after
{Heap after GC invocations=11 (full 0):
 garbage-first heap   total 79872K, used 18509K [0x0000000702800000, 0x0000000800000000)
  region size 2048K, 5 young (10240K), 5 survivors (10240K)
 Metaspace       used 38214K, committed 38592K, reserved 1089536K
  class space    used 4751K, committed 4928K, reserved 1048576K
}
Event: 3.212 GC heap before
{Heap before GC invocations=11 (full 0):
 garbage-first heap   total 79872K, used 55373K [0x0000000702800000, 0x0000000800000000)
  region size 2048K, 23 young (47104K), 5 survivors (10240K)
 Metaspace       used 40747K, committed 41152K, reserved 1089536K
  class space    used 5196K, committed 5376K, reserved 1048576K
}
Event: 3.221 GC heap after
{Heap after GC invocations=12 (full 0):
 garbage-first heap   total 79872K, used 20456K [0x0000000702800000, 0x0000000800000000)
  region size 2048K, 2 young (4096K), 2 survivors (4096K)
 Metaspace       used 40747K, committed 41152K, reserved 1089536K
  class space    used 5196K, committed 5376K, reserved 1048576K
}

