# JRE version: OpenJDK Runtime Environment (16.0.2+7) (build 16.0.2+7-67)
# Java VM: OpenJDK 64-Bit Server VM (16.0.2+7-67, mixed mode, tiered, compressed oops, compressed class ptrs, g1 gc, windows-amd64)
GC Precious Log:
 CPUs: 4 total, 4 available
 Memory: 16218M
 Large Page Support: Disabled
 NUMA Support: Disabled
 Compressed Oops: Enabled (Zero based)
 Heap Region Size: 2M
 Heap Min Capacity: 8M
 Heap Initial Capacity: 254M
 Heap Max Capacity: 4056M
 Pre-touch: Disabled
 Parallel Workers: 4
 Concurrent Workers: 1
 Concurrent Refinement Workers: 4
 Periodic GC: Disabled
Heap:
 garbage-first heap   total 102400K, used 57775K [0x0000000702800000, 0x0000000800000000)
  region size 2048K, 14 young (28672K), 3 survivors (6144K)
 Metaspace       used 72563K, committed 73024K, reserved 1114112K
  class space    used 9868K, committed 10112K, reserved 1048576K
GC Heap History (20 events):
Event: 2.467 GC heap after
{Heap after GC invocations=7 (full 0):
 garbage-first heap   total 61440K, used 12807K [0x0000000702800000, 0x0000000800000000)
  region size 2048K, 3 young (6144K), 3 survivors (6144K)
 Metaspace       used 25802K, committed 26112K, reserved 1073152K
  class space    used 3179K, committed 3328K, reserved 1048576K
}
Event: 2.473 GC heap before
{Heap before GC invocations=7 (full 0):
 garbage-first heap   total 61440K, used 39431K [0x0000000702800000, 0x0000000800000000)
  region size 2048K, 17 young (34816K), 3 survivors (6144K)
 Metaspace       used 25830K, committed 26112K, reserved 1073152K
  class space    used 3183K, committed 3328K, reserved 1048576K
}
Event: 2.480 GC heap after
{Heap after GC invocations=8 (full 0):
 garbage-first heap   total 161792K, used 12923K [0x0000000702800000, 0x0000000800000000)
  region size 2048K, 1 young (2048K), 1 survivors (2048K)
 Metaspace       used 25830K, committed 26112K, reserved 1073152K
  class space    used 3183K, committed 3328K, reserved 1048576K
}
Event: 4.094 GC heap before
{Heap before GC invocations=8 (full 0):
 garbage-first heap   total 161792K, used 92795K [0x0000000702800000, 0x0000000800000000)
  region size 2048K, 41 young (83968K), 1 survivors (2048K)
 Metaspace       used 35625K, committed 35968K, reserved 1081344K
  class space    used 4566K, committed 4736K, reserved 1048576K
}
Event: 4.101 GC heap after
{Heap after GC invocations=9 (full 0):
 garbage-first heap   total 161792K, used 16558K [0x0000000702800000, 0x0000000800000000)
  region size 2048K, 3 young (6144K), 3 survivors (6144K)
 Metaspace       used 35625K, committed 35968K, reserved 1081344K
  class space    used 4566K, committed 4736K, reserved 1048576K
}
Event: 4.555 GC heap before
{Heap before GC invocations=10 (full 0):
 garbage-first heap   total 75776K, used 53422K [0x0000000702800000, 0x0000000800000000)
  region size 2048K, 22 young (45056K), 3 survivors (6144K)
 Metaspace       used 39982K, committed 40384K, reserved 1089536K
  class space    used 5199K, committed 5376K, reserved 1048576K
}
Event: 4.564 GC heap after
{Heap after GC invocations=11 (full 0):
 garbage-first heap   total 75776K, used 18958K [0x0000000702800000, 0x0000000800000000)
  region size 2048K, 2 young (4096K), 2 survivors (4096K)
 Metaspace       used 39982K, committed 40384K, reserved 1089536K
  class space    used 5199K, committed 5376K, reserved 1048576K
}
Event: 4.565 GC heap before
{Heap before GC invocations=11 (full 0):
 garbage-first heap   total 75776K, used 18958K [0x0000000702800000, 0x0000000800000000)
  region size 2048K, 3 young (6144K), 2 survivors (4096K)
 Metaspace       used 39982K, committed 40384K, reserved 1089536K
  class space    used 5199K, committed 5376K, reserved 1048576K
}
Event: 4.572 GC heap after
{Heap after GC invocations=12 (full 0):
 garbage-first heap   total 75776K, used 18472K [0x0000000702800000, 0x0000000800000000)
  region size 2048K, 1 young (2048K), 1 survivors (2048K)
 Metaspace       used 39982K, committed 40384K, reserved 1089536K
  class space    used 5199K, committed 5376K, reserved 1048576K
}
Event: 4.667 GC heap before
{Heap before GC invocations=12 (full 0):
 garbage-first heap   total 75776K, used 55336K [0x0000000702800000, 0x0000000800000000)
  region size 2048K, 20 young (40960K), 1 survivors (2048K)
 Metaspace       used 41347K, committed 41792K, reserved 1089536K
  class space    used 5336K, committed 5568K, reserved 1048576K
}
Event: 4.668 GC heap after
{Heap after GC invocations=13 (full 0):
 garbage-first heap   total 75776K, used 20038K [0x0000000702800000, 0x0000000800000000)
  region size 2048K, 1 young (2048K), 1 survivors (2048K)
 Metaspace       used 41347K, committed 41792K, reserved 1089536K
  class space    used 5336K, committed 5568K, reserved 1048576K
}
Event: 4.790 GC heap before
{Heap before GC invocations=13 (full 0):
 garbage-first heap   total 75776K, used 56902K [0x0000000702800000, 0x0000000800000000)
  region size 2048K, 20 young (40960K), 1 survivors (2048K)
 Metaspace       used 41801K, committed 42176K, reserved 1089536K
  class space    used 5377K, committed 5568K, reserved 1048576K
}
Event: 4.794 GC heap after
{Heap after GC invocations=14 (full 0):
 garbage-first heap   total 227328K, used 21970K [0x0000000702800000, 0x0000000800000000)
  region size 2048K, 2 young (4096K), 2 survivors (4096K)
 Metaspace       used 41801K, committed 42176K, reserved 1089536K
  class space    used 5377K, committed 5568K, reserved 1048576K
}
Event: 6.221 GC heap before
{Heap before GC invocations=14 (full 0):
 garbage-first heap   total 227328K, used 150994K [0x0000000702800000, 0x0000000800000000)
  region size 2048K, 66 young (135168K), 2 survivors (4096K)
 Metaspace       used 59887K, committed 60288K, reserved 1105920K
  class space    used 8045K, committed 8256K, reserved 1048576K
}
Event: 6.231 GC heap after
{Heap after GC invocations=15 (full 0):
 garbage-first heap   total 227328K, used 26246K [0x0000000702800000, 0x0000000800000000)
  region size 2048K, 4 young (8192K), 4 survivors (8192K)
 Metaspace       used 59887K, committed 60288K, reserved 1105920K
  class space    used 8045K, committed 8256K, reserved 1048576K
}
Event: 7.176 GC heap before
{Heap before GC invocations=16 (full 0):
 garbage-first heap   total 102400K, used 79494K [0x0000000702800000, 0x0000000800000000)
  region size 2048K, 30 young (61440K), 4 survivors (8192K)
 Metaspace       used 65710K, committed 66176K, reserved 1114112K
  class space    used 8893K, committed 9088K, reserved 1048576K
}
Event: 7.193 GC heap after
{Heap after GC invocations=17 (full 0):
 garbage-first heap   total 102400K, used 31188K [0x0000000702800000, 0x0000000800000000)
  region size 2048K, 3 young (6144K), 3 survivors (6144K)
 Metaspace       used 65710K, committed 66176K, reserved 1114112K
  class space    used 8893K, committed 9088K, reserved 1048576K
}
Event: 250.139 GC heap before
{Heap before GC invocations=17 (full 0):
 garbage-first heap   total 102400K, used 80340K [0x0000000702800000, 0x0000000800000000)
  region size 2048K, 27 young (55296K), 3 survivors (6144K)
 Metaspace       used 72282K, committed 72832K, reserved 1114112K
  class space    used 9827K, committed 10112K, reserved 1048576K
}
Event: 250.148 GC heap after
{Heap after GC invocations=18 (full 0):
 garbage-first heap   total 102400K, used 35556K [0x0000000702800000, 0x0000000800000000)
  region size 2048K, 3 young (6144K), 3 survivors (6144K)
 Metaspace       used 72282K, committed 72832K, reserved 1114112K
  class space    used 9827K, committed 10112K, reserved 1048576K
}
Event: 941.121 GC heap before
{Heap before GC invocations=18 (full 0):
 garbage-first heap   total 102400K, used 56036K [0x0000000702800000, 0x0000000800000000)
  region size 2048K, 14 young (28672K), 3 survivors (6144K)
 Metaspace       used 72563K, committed 73024K, reserved 1114112K
  class space    used 9868K, committed 10112K, reserved 1048576K
}

