# JRE version: OpenJDK Runtime Environment (16.0.2+7) (build 16.0.2+7-67)
# Java VM: OpenJDK 64-Bit Server VM (16.0.2+7-67, mixed mode, tiered, compressed oops, compressed class ptrs, g1 gc, windows-amd64)
GC Precious Log:
 CPUs: 4 total, 4 available
 Memory: 16218M
 Large Page Support: Disabled
 NUMA Support: Disabled
 Compressed Oops: Enabled (Zero based)
 Heap Region Size: 2M
 Heap Min Capacity: 8M
 Heap Initial Capacity: 254M
 Heap Max Capacity: 4056M
 Pre-touch: Disabled
 Parallel Workers: 4
 Concurrent Workers: 1
 Concurrent Refinement Workers: 4
 Periodic GC: Disabled
Heap:
 garbage-first heap   total 116736K, used 87776K [0x0000000702800000, 0x0000000800000000)
  region size 2048K, 26 young (53248K), 2 survivors (4096K)
 Metaspace       used 72308K, committed 72832K, reserved 1114112K
  class space    used 9837K, committed 10112K, reserved 1048576K
GC Heap History (20 events):
Event: 1.826 GC heap after
{Heap after GC invocations=8 (full 0):
 garbage-first heap   total 157696K, used 13636K [0x0000000702800000, 0x0000000800000000)
  region size 2048K, 2 young (4096K), 2 survivors (4096K)
 Metaspace       used 26417K, committed 26688K, reserved 1073152K
  class space    used 3256K, committed 3392K, reserved 1048576K
}
Event: 2.864 GC heap before
{Heap before GC invocations=8 (full 0):
 garbage-first heap   total 157696K, used 97604K [0x0000000702800000, 0x0000000800000000)
  region size 2048K, 45 young (92160K), 2 survivors (4096K)
 Metaspace       used 35486K, committed 35840K, reserved 1081344K
  class space    used 4558K, committed 4736K, reserved 1048576K
}
Event: 2.871 GC heap after
{Heap after GC invocations=9 (full 0):
 garbage-first heap   total 157696K, used 16766K [0x0000000702800000, 0x0000000800000000)
  region size 2048K, 3 young (6144K), 3 survivors (6144K)
 Metaspace       used 35486K, committed 35840K, reserved 1081344K
  class space    used 4558K, committed 4736K, reserved 1048576K
}
Event: 3.311 GC heap before
{Heap before GC invocations=10 (full 0):
 garbage-first heap   total 69632K, used 49534K [0x0000000702800000, 0x0000000800000000)
  region size 2048K, 20 young (40960K), 3 survivors (6144K)
 Metaspace       used 39846K, committed 40256K, reserved 1089536K
  class space    used 5189K, committed 5376K, reserved 1048576K
}
Event: 3.320 GC heap after
{Heap after GC invocations=11 (full 0):
 garbage-first heap   total 69632K, used 19415K [0x0000000702800000, 0x0000000800000000)
  region size 2048K, 2 young (4096K), 2 survivors (4096K)
 Metaspace       used 39846K, committed 40256K, reserved 1089536K
  class space    used 5189K, committed 5376K, reserved 1048576K
}
Event: 3.326 GC heap before
{Heap before GC invocations=11 (full 0):
 garbage-first heap   total 69632K, used 48087K [0x0000000702800000, 0x0000000800000000)
  region size 2048K, 17 young (34816K), 2 survivors (4096K)
 Metaspace       used 39846K, committed 40256K, reserved 1089536K
  class space    used 5189K, committed 5376K, reserved 1048576K
}
Event: 3.329 GC heap after
{Heap after GC invocations=12 (full 0):
 garbage-first heap   total 69632K, used 19395K [0x0000000702800000, 0x0000000800000000)
  region size 2048K, 2 young (4096K), 2 survivors (4096K)
 Metaspace       used 39846K, committed 40256K, reserved 1089536K
  class space    used 5189K, committed 5376K, reserved 1048576K
}
Event: 3.529 GC heap before
{Heap before GC invocations=12 (full 0):
 garbage-first heap   total 69632K, used 48067K [0x0000000702800000, 0x0000000800000000)
  region size 2048K, 17 young (34816K), 2 survivors (4096K)
 Metaspace       used 41217K, committed 41600K, reserved 1089536K
  class space    used 5326K, committed 5504K, reserved 1048576K
}
Event: 3.536 GC heap after
{Heap after GC invocations=13 (full 0):
 garbage-first heap   total 69632K, used 25744K [0x0000000702800000, 0x0000000800000000)
  region size 2048K, 3 young (6144K), 3 survivors (6144K)
 Metaspace       used 41217K, committed 41600K, reserved 1089536K
  class space    used 5326K, committed 5504K, reserved 1048576K
}
Event: 3.674 GC heap before
{Heap before GC invocations=13 (full 0):
 garbage-first heap   total 69632K, used 46224K [0x0000000702800000, 0x0000000800000000)
  region size 2048K, 14 young (28672K), 3 survivors (6144K)
 Metaspace       used 41802K, committed 42176K, reserved 1089536K
  class space    used 5376K, committed 5568K, reserved 1048576K
}
Event: 3.680 GC heap after
{Heap after GC invocations=14 (full 0):
 garbage-first heap   total 151552K, used 27200K [0x0000000702800000, 0x0000000800000000)
  region size 2048K, 1 young (2048K), 1 survivors (2048K)
 Metaspace       used 41802K, committed 42176K, reserved 1089536K
  class space    used 5376K, committed 5568K, reserved 1048576K
}
Event: 4.193 GC heap before
{Heap before GC invocations=14 (full 0):
 garbage-first heap   total 151552K, used 102976K [0x0000000702800000, 0x0000000800000000)
  region size 2048K, 38 young (77824K), 1 survivors (2048K)
 Metaspace       used 46469K, committed 46848K, reserved 1089536K
  class space    used 5909K, committed 6080K, reserved 1048576K
}
Event: 4.200 GC heap after
{Heap after GC invocations=15 (full 0):
 garbage-first heap   total 151552K, used 28200K [0x0000000702800000, 0x0000000800000000)
  region size 2048K, 2 young (4096K), 2 survivors (4096K)
 Metaspace       used 46469K, committed 46848K, reserved 1089536K
  class space    used 5909K, committed 6080K, reserved 1048576K
}
Event: 5.248 GC heap before
{Heap before GC invocations=15 (full 0):
 garbage-first heap   total 151552K, used 81448K [0x0000000702800000, 0x0000000800000000)
  region size 2048K, 29 young (59392K), 2 survivors (4096K)
 Metaspace       used 59768K, committed 60096K, reserved 1105920K
  class space    used 8028K, committed 8192K, reserved 1048576K
}
Event: 5.254 GC heap after
{Heap after GC invocations=16 (full 0):
 garbage-first heap   total 151552K, used 30524K [0x0000000702800000, 0x0000000800000000)
  region size 2048K, 3 young (6144K), 3 survivors (6144K)
 Metaspace       used 59768K, committed 60096K, reserved 1105920K
  class space    used 8028K, committed 8192K, reserved 1048576K
}
Event: 6.445 GC heap before
{Heap before GC invocations=17 (full 0):
 garbage-first heap   total 116736K, used 94012K [0x0000000702800000, 0x0000000800000000)
  region size 2048K, 34 young (69632K), 3 survivors (6144K)
 Metaspace       used 66937K, committed 67456K, reserved 1114112K
  class space    used 9096K, committed 9344K, reserved 1048576K
}
Event: 6.458 GC heap after
{Heap after GC invocations=18 (full 0):
 garbage-first heap   total 116736K, used 35536K [0x0000000702800000, 0x0000000800000000)
  region size 2048K, 5 young (10240K), 5 survivors (10240K)
 Metaspace       used 66937K, committed 67456K, reserved 1114112K
  class space    used 9096K, committed 9344K, reserved 1048576K
}
Event: 920.484 GC heap before
{Heap before GC invocations=19 (full 0):
 garbage-first heap   total 116736K, used 88784K [0x0000000702800000, 0x0000000800000000)
  region size 2048K, 31 young (63488K), 5 survivors (10240K)
 Metaspace       used 72263K, committed 72768K, reserved 1114112K
  class space    used 9834K, committed 10112K, reserved 1048576K
}
Event: 920.496 GC heap after
{Heap after GC invocations=20 (full 0):
 garbage-first heap   total 116736K, used 38624K [0x0000000702800000, 0x0000000800000000)
  region size 2048K, 2 young (4096K), 2 survivors (4096K)
 Metaspace       used 72263K, committed 72768K, reserved 1114112K
  class space    used 9834K, committed 10112K, reserved 1048576K
}
Event: 2809.925 GC heap before
{Heap before GC invocations=20 (full 0):
 garbage-first heap   total 116736K, used 85728K [0x0000000702800000, 0x0000000800000000)
  region size 2048K, 26 young (53248K), 2 survivors (4096K)
 Metaspace       used 72308K, committed 72832K, reserved 1114112K
  class space    used 9837K, committed 10112K, reserved 1048576K
}

