# JRE version: OpenJDK Runtime Environment (16.0.2+7) (build 16.0.2+7-67)
# Java VM: OpenJDK 64-Bit Server VM (16.0.2+7-67, mixed mode, tiered, compressed oops, compressed class ptrs, g1 gc, windows-amd64)
GC Precious Log:
 CPUs: 4 total, 4 available
 Memory: 16218M
 Large Page Support: Disabled
 NUMA Support: Disabled
 Compressed Oops: Enabled (Zero based)
 Heap Region Size: 2M
 Heap Min Capacity: 8M
 Heap Initial Capacity: 254M
 Heap Max Capacity: 4056M
 Pre-touch: Disabled
 Parallel Workers: 4
 Concurrent Workers: 1
 Concurrent Refinement Workers: 4
 Periodic GC: Disabled
Heap:
 garbage-first heap   total 153600K, used 35990K [0x0000000702800000, 0x0000000800000000)
  region size 2048K, 15 young (30720K), 2 survivors (4096K)
 Metaspace       used 32788K, committed 33152K, reserved 1081344K
  class space    used 4124K, committed 4288K, reserved 1048576K
GC Heap History (16 events):
Event: 0.585 GC heap before
{Heap before GC invocations=0 (full 0):
 garbage-first heap   total 260096K, used 10240K [0x0000000702800000, 0x0000000800000000)
  region size 2048K, 6 young (12288K), 0 survivors (0K)
 Metaspace       used 12513K, committed 12736K, reserved 1064960K
  class space    used 1257K, committed 1344K, reserved 1048576K
}
Event: 0.589 GC heap after
{Heap after GC invocations=1 (full 0):
 garbage-first heap   total 260096K, used 5321K [0x0000000702800000, 0x0000000800000000)
  region size 2048K, 1 young (2048K), 1 survivors (2048K)
 Metaspace       used 12513K, committed 12736K, reserved 1064960K
  class space    used 1257K, committed 1344K, reserved 1048576K
}
Event: 0.779 GC heap before
{Heap before GC invocations=1 (full 0):
 garbage-first heap   total 260096K, used 15561K [0x0000000702800000, 0x0000000800000000)
  region size 2048K, 6 young (12288K), 1 survivors (2048K)
 Metaspace       used 15234K, committed 15488K, reserved 1064960K
  class space    used 1586K, committed 1728K, reserved 1048576K
}
Event: 0.782 GC heap after
{Heap after GC invocations=2 (full 0):
 garbage-first heap   total 260096K, used 7011K [0x0000000702800000, 0x0000000800000000)
  region size 2048K, 1 young (2048K), 1 survivors (2048K)
 Metaspace       used 15234K, committed 15488K, reserved 1064960K
  class space    used 1586K, committed 1728K, reserved 1048576K
}
Event: 0.789 GC heap before
{Heap before GC invocations=2 (full 0):
 garbage-first heap   total 260096K, used 25443K [0x0000000702800000, 0x0000000800000000)
  region size 2048K, 11 young (22528K), 1 survivors (2048K)
 Metaspace       used 15234K, committed 15488K, reserved 1064960K
  class space    used 1586K, committed 1728K, reserved 1048576K
}
Event: 0.790 GC heap after
{Heap after GC invocations=3 (full 0):
 garbage-first heap   total 260096K, used 7088K [0x0000000702800000, 0x0000000800000000)
  region size 2048K, 1 young (2048K), 1 survivors (2048K)
 Metaspace       used 15234K, committed 15488K, reserved 1064960K
  class space    used 1586K, committed 1728K, reserved 1048576K
}
Event: 1.154 GC heap before
{Heap before GC invocations=3 (full 0):
 garbage-first heap   total 260096K, used 52144K [0x0000000702800000, 0x0000000800000000)
  region size 2048K, 25 young (51200K), 1 survivors (2048K)
 Metaspace       used 20982K, committed 21248K, reserved 1073152K
  class space    used 2420K, committed 2560K, reserved 1048576K
}
Event: 1.159 GC heap after
{Heap after GC invocations=4 (full 0):
 garbage-first heap   total 260096K, used 8744K [0x0000000702800000, 0x0000000800000000)
  region size 2048K, 2 young (4096K), 2 survivors (4096K)
 Metaspace       used 20982K, committed 21248K, reserved 1073152K
  class space    used 2420K, committed 2560K, reserved 1048576K
}
Event: 1.484 GC heap before
{Heap before GC invocations=5 (full 0):
 garbage-first heap   total 40960K, used 37416K [0x0000000702800000, 0x0000000800000000)
  region size 2048K, 17 young (34816K), 2 survivors (4096K)
 Metaspace       used 26222K, committed 26560K, reserved 1073152K
  class space    used 3102K, committed 3264K, reserved 1048576K
}
Event: 1.489 GC heap after
{Heap after GC invocations=6 (full 0):
 garbage-first heap   total 47104K, used 9935K [0x0000000702800000, 0x0000000800000000)
  region size 2048K, 3 young (6144K), 3 survivors (6144K)
 Metaspace       used 26222K, committed 26560K, reserved 1073152K
  class space    used 3102K, committed 3264K, reserved 1048576K
}
Event: 1.493 GC heap before
{Heap before GC invocations=6 (full 0):
 garbage-first heap   total 47104K, used 28367K [0x0000000702800000, 0x0000000800000000)
  region size 2048K, 13 young (26624K), 3 survivors (6144K)
 Metaspace       used 26222K, committed 26560K, reserved 1073152K
  class space    used 3102K, committed 3264K, reserved 1048576K
}
Event: 1.497 GC heap after
{Heap after GC invocations=7 (full 0):
 garbage-first heap   total 47104K, used 10144K [0x0000000702800000, 0x0000000800000000)
  region size 2048K, 1 young (2048K), 1 survivors (2048K)
 Metaspace       used 26222K, committed 26560K, reserved 1073152K
  class space    used 3102K, committed 3264K, reserved 1048576K
}
Event: 1.633 GC heap before
{Heap before GC invocations=8 (full 0):
 garbage-first heap   total 47104K, used 28576K [0x0000000702800000, 0x0000000800000000)
  region size 2048K, 11 young (22528K), 1 survivors (2048K)
 Metaspace       used 27088K, committed 27392K, reserved 1073152K
  class space    used 3208K, committed 3328K, reserved 1048576K
}
Event: 1.636 GC heap after
{Heap after GC invocations=9 (full 0):
 garbage-first heap   total 47104K, used 10569K [0x0000000702800000, 0x0000000800000000)
  region size 2048K, 1 young (2048K), 1 survivors (2048K)
 Metaspace       used 27088K, committed 27392K, reserved 1073152K
  class space    used 3208K, committed 3328K, reserved 1048576K
}
Event: 1.948 GC heap before
{Heap before GC invocations=9 (full 0):
 garbage-first heap   total 47104K, used 33097K [0x0000000702800000, 0x0000000800000000)
  region size 2048K, 12 young (24576K), 1 survivors (2048K)
 Metaspace       used 29079K, committed 29376K, reserved 1081344K
  class space    used 3507K, committed 3648K, reserved 1048576K
}
Event: 1.951 GC heap after
{Heap after GC invocations=10 (full 0):
 garbage-first heap   total 153600K, used 11414K [0x0000000702800000, 0x0000000800000000)
  region size 2048K, 2 young (4096K), 2 survivors (4096K)
 Metaspace       used 29079K, committed 29376K, reserved 1081344K
  class space    used 3507K, committed 3648K, reserved 1048576K
}

