# JRE version: OpenJDK Runtime Environment (16.0.2+7) (build 16.0.2+7-67)
# Java VM: OpenJDK 64-Bit Server VM (16.0.2+7-67, mixed mode, tiered, compressed oops, compressed class ptrs, g1 gc, windows-amd64)
GC Precious Log:
 CPUs: 4 total, 4 available
 Memory: 16218M
 Large Page Support: Disabled
 NUMA Support: Disabled
 Compressed Oops: Enabled (Zero based)
 Heap Region Size: 2M
 Heap Min Capacity: 8M
 Heap Initial Capacity: 254M
 Heap Max Capacity: 4056M
 Pre-touch: Disabled
 Parallel Workers: 4
 Concurrent Workers: 1
 Concurrent Refinement Workers: 4
 Periodic GC: Disabled
Heap:
 garbage-first heap   total 120832K, used 61851K [0x0000000702800000, 0x0000000800000000)
  region size 2048K, 11 young (22528K), 3 survivors (6144K)
 Metaspace       used 76747K, committed 77248K, reserved 1122304K
  class space    used 10466K, committed 10688K, reserved 1048576K
GC Heap History (20 events):
Event: 3.515 GC heap after
{Heap after GC invocations=12 (full 0):
 garbage-first heap   total 69632K, used 20140K [0x0000000702800000, 0x0000000800000000)
  region size 2048K, 1 young (2048K), 1 survivors (2048K)
 Metaspace       used 40755K, committed 41152K, reserved 1089536K
  class space    used 5279K, committed 5440K, reserved 1048576K
}
Event: 3.632 GC heap before
{Heap before GC invocations=12 (full 0):
 garbage-first heap   total 69632K, used 48812K [0x0000000702800000, 0x0000000800000000)
  region size 2048K, 16 young (32768K), 1 survivors (2048K)
 Metaspace       used 42115K, committed 42496K, reserved 1089536K
  class space    used 5415K, committed 5632K, reserved 1048576K
}
Event: 3.635 GC heap after
{Heap after GC invocations=13 (full 0):
 garbage-first heap   total 69632K, used 21702K [0x0000000702800000, 0x0000000800000000)
  region size 2048K, 2 young (4096K), 2 survivors (4096K)
 Metaspace       used 42115K, committed 42496K, reserved 1089536K
  class space    used 5415K, committed 5632K, reserved 1048576K
}
Event: 3.756 GC heap before
{Heap before GC invocations=13 (full 0):
 garbage-first heap   total 69632K, used 48326K [0x0000000702800000, 0x0000000800000000)
  region size 2048K, 16 young (32768K), 2 survivors (4096K)
 Metaspace       used 42216K, committed 42624K, reserved 1089536K
  class space    used 5425K, committed 5632K, reserved 1048576K
}
Event: 3.760 GC heap after
{Heap after GC invocations=14 (full 0):
 garbage-first heap   total 100352K, used 23002K [0x0000000702800000, 0x0000000800000000)
  region size 2048K, 2 young (4096K), 2 survivors (4096K)
 Metaspace       used 42216K, committed 42624K, reserved 1089536K
  class space    used 5425K, committed 5632K, reserved 1048576K
}
Event: 3.839 GC heap before
{Heap before GC invocations=14 (full 0):
 garbage-first heap   total 100352K, used 76250K [0x0000000702800000, 0x0000000800000000)
  region size 2048K, 28 young (57344K), 2 survivors (4096K)
 Metaspace       used 42569K, committed 42944K, reserved 1089536K
  class space    used 5457K, committed 5632K, reserved 1048576K
}
Event: 3.841 GC heap after
{Heap after GC invocations=15 (full 0):
 garbage-first heap   total 100352K, used 23155K [0x0000000702800000, 0x0000000800000000)
  region size 2048K, 2 young (4096K), 2 survivors (4096K)
 Metaspace       used 42569K, committed 42944K, reserved 1089536K
  class space    used 5457K, committed 5632K, reserved 1048576K
}
Event: 4.660 GC heap before
{Heap before GC invocations=15 (full 0):
 garbage-first heap   total 100352K, used 78451K [0x0000000702800000, 0x0000000800000000)
  region size 2048K, 29 young (59392K), 2 survivors (4096K)
 Metaspace       used 51339K, committed 51776K, reserved 1097728K
  class space    used 6692K, committed 6912K, reserved 1048576K
}
Event: 4.666 GC heap after
{Heap after GC invocations=16 (full 0):
 garbage-first heap   total 100352K, used 26449K [0x0000000702800000, 0x0000000800000000)
  region size 2048K, 4 young (8192K), 4 survivors (8192K)
 Metaspace       used 51339K, committed 51776K, reserved 1097728K
  class space    used 6692K, committed 6912K, reserved 1048576K
}
Event: 5.240 GC heap before
{Heap before GC invocations=16 (full 0):
 garbage-first heap   total 100352K, used 57169K [0x0000000702800000, 0x0000000800000000)
  region size 2048K, 20 young (40960K), 4 survivors (8192K)
 Metaspace       used 59577K, committed 59968K, reserved 1105920K
  class space    used 7958K, committed 8192K, reserved 1048576K
}
Event: 5.246 GC heap after
{Heap after GC invocations=17 (full 0):
 garbage-first heap   total 100352K, used 27816K [0x0000000702800000, 0x0000000800000000)
  region size 2048K, 3 young (6144K), 3 survivors (6144K)
 Metaspace       used 59577K, committed 59968K, reserved 1105920K
  class space    used 7958K, committed 8192K, reserved 1048576K
}
Event: 5.981 GC heap before
{Heap before GC invocations=18 (full 0):
 garbage-first heap   total 100352K, used 79016K [0x0000000702800000, 0x0000000800000000)
  region size 2048K, 28 young (57344K), 3 survivors (6144K)
 Metaspace       used 65883K, committed 66240K, reserved 1114112K
  class space    used 8862K, committed 9024K, reserved 1048576K
}
Event: 5.990 GC heap after
{Heap after GC invocations=19 (full 0):
 garbage-first heap   total 100352K, used 32672K [0x0000000702800000, 0x0000000800000000)
  region size 2048K, 3 young (6144K), 3 survivors (6144K)
 Metaspace       used 65883K, committed 66240K, reserved 1114112K
  class space    used 8862K, committed 9024K, reserved 1048576K
}
Event: 6.586 GC heap before
{Heap before GC invocations=20 (full 0):
 garbage-first heap   total 100352K, used 77728K [0x0000000702800000, 0x0000000800000000)
  region size 2048K, 25 young (51200K), 3 survivors (6144K)
 Metaspace       used 68695K, committed 69120K, reserved 1114112K
  class space    used 9303K, committed 9472K, reserved 1048576K
}
Event: 6.596 GC heap after
{Heap after GC invocations=21 (full 0):
 garbage-first heap   total 100352K, used 37525K [0x0000000702800000, 0x0000000800000000)
  region size 2048K, 3 young (6144K), 3 survivors (6144K)
 Metaspace       used 68695K, committed 69120K, reserved 1114112K
  class space    used 9303K, committed 9472K, reserved 1048576K
}
Event: 7.220 GC heap before
{Heap before GC invocations=21 (full 0):
 garbage-first heap   total 100352K, used 76437K [0x0000000702800000, 0x0000000800000000)
  region size 2048K, 22 young (45056K), 3 survivors (6144K)
 Metaspace       used 70243K, committed 70720K, reserved 1114112K
  class space    used 9540K, committed 9792K, reserved 1048576K
}
Event: 7.228 GC heap after
{Heap after GC invocations=22 (full 0):
 garbage-first heap   total 100352K, used 42385K [0x0000000702800000, 0x0000000800000000)
  region size 2048K, 3 young (6144K), 3 survivors (6144K)
 Metaspace       used 70243K, committed 70720K, reserved 1114112K
  class space    used 9540K, committed 9792K, reserved 1048576K
}
Event: 7.832 GC heap before
{Heap before GC invocations=22 (full 0):
 garbage-first heap   total 100352K, used 75153K [0x0000000702800000, 0x0000000800000000)
  region size 2048K, 19 young (38912K), 3 survivors (6144K)
 Metaspace       used 75406K, committed 75968K, reserved 1122304K
  class space    used 10290K, committed 10560K, reserved 1048576K
}
Event: 7.841 GC heap after
{Heap after GC invocations=23 (full 0):
 garbage-first heap   total 120832K, used 46939K [0x0000000702800000, 0x0000000800000000)
  region size 2048K, 3 young (6144K), 3 survivors (6144K)
 Metaspace       used 75406K, committed 75968K, reserved 1122304K
  class space    used 10290K, committed 10560K, reserved 1048576K
}
Event: 88.030 GC heap before
{Heap before GC invocations=23 (full 0):
 garbage-first heap   total 120832K, used 61275K [0x0000000702800000, 0x0000000800000000)
  region size 2048K, 11 young (22528K), 3 survivors (6144K)
 Metaspace       used 76747K, committed 77248K, reserved 1122304K
  class space    used 10466K, committed 10688K, reserved 1048576K
}

