# JRE version: OpenJDK Runtime Environment (16.0.2+7) (build 16.0.2+7-67)
# Java VM: OpenJDK 64-Bit Server VM (16.0.2+7-67, mixed mode, tiered, compressed oops, compressed class ptrs, g1 gc, windows-amd64)
GC Precious Log:
 CPUs: 4 total, 4 available
 Memory: 16218M
 Large Page Support: Disabled
 NUMA Support: Disabled
 Compressed Oops: Enabled (Zero based)
 Heap Region Size: 2M
 Heap Min Capacity: 8M
 Heap Initial Capacity: 254M
 Heap Max Capacity: 4056M
 Pre-touch: Disabled
 Parallel Workers: 4
 Concurrent Workers: 1
 Concurrent Refinement Workers: 4
 Periodic GC: Disabled
Heap:
 garbage-first heap   total 124928K, used 71313K [0x0000000702800000, 0x0000000800000000)
  region size 2048K, 13 young (26624K), 2 survivors (4096K)
 Metaspace       used 79790K, committed 80320K, reserved 1122304K
  class space    used 10759K, committed 11008K, reserved 1048576K
GC Heap History (20 events):
Event: 3.549 GC heap after
{Heap after GC invocations=14 (full 0):
 garbage-first heap   total 100352K, used 24243K [0x0000000702800000, 0x0000000800000000)
  region size 2048K, 2 young (4096K), 2 survivors (4096K)
 Metaspace       used 42152K, committed 42624K, reserved 1089536K
  class space    used 5418K, committed 5632K, reserved 1048576K
}
Event: 3.655 GC heap before
{Heap before GC invocations=14 (full 0):
 garbage-first heap   total 100352K, used 75443K [0x0000000702800000, 0x0000000800000000)
  region size 2048K, 27 young (55296K), 2 survivors (4096K)
 Metaspace       used 42596K, committed 42944K, reserved 1089536K
  class space    used 5459K, committed 5632K, reserved 1048576K
}
Event: 3.658 GC heap after
{Heap after GC invocations=15 (full 0):
 garbage-first heap   total 100352K, used 24167K [0x0000000702800000, 0x0000000800000000)
  region size 2048K, 2 young (4096K), 2 survivors (4096K)
 Metaspace       used 42596K, committed 42944K, reserved 1089536K
  class space    used 5459K, committed 5632K, reserved 1048576K
}
Event: 4.418 GC heap before
{Heap before GC invocations=15 (full 0):
 garbage-first heap   total 100352K, used 75367K [0x0000000702800000, 0x0000000800000000)
  region size 2048K, 28 young (57344K), 2 survivors (4096K)
 Metaspace       used 48991K, committed 49408K, reserved 1097728K
  class space    used 6194K, committed 6400K, reserved 1048576K
}
Event: 4.426 GC heap after
{Heap after GC invocations=16 (full 0):
 garbage-first heap   total 100352K, used 26224K [0x0000000702800000, 0x0000000800000000)
  region size 2048K, 3 young (6144K), 3 survivors (6144K)
 Metaspace       used 48991K, committed 49408K, reserved 1097728K
  class space    used 6194K, committed 6400K, reserved 1048576K
}
Event: 5.228 GC heap before
{Heap before GC invocations=16 (full 0):
 garbage-first heap   total 100352K, used 65136K [0x0000000702800000, 0x0000000800000000)
  region size 2048K, 24 young (49152K), 3 survivors (6144K)
 Metaspace       used 59550K, committed 59968K, reserved 1105920K
  class space    used 7900K, committed 8064K, reserved 1048576K
}
Event: 5.235 GC heap after
{Heap after GC invocations=17 (full 0):
 garbage-first heap   total 100352K, used 28033K [0x0000000702800000, 0x0000000800000000)
  region size 2048K, 3 young (6144K), 3 survivors (6144K)
 Metaspace       used 59550K, committed 59968K, reserved 1105920K
  class space    used 7900K, committed 8064K, reserved 1048576K
}
Event: 6.050 GC heap before
{Heap before GC invocations=18 (full 0):
 garbage-first heap   total 100352K, used 77185K [0x0000000702800000, 0x0000000800000000)
  region size 2048K, 27 young (55296K), 3 survivors (6144K)
 Metaspace       used 65591K, committed 66048K, reserved 1114112K
  class space    used 8770K, committed 8960K, reserved 1048576K
}
Event: 6.059 GC heap after
{Heap after GC invocations=19 (full 0):
 garbage-first heap   total 100352K, used 32861K [0x0000000702800000, 0x0000000800000000)
  region size 2048K, 4 young (8192K), 4 survivors (8192K)
 Metaspace       used 65591K, committed 66048K, reserved 1114112K
  class space    used 8770K, committed 8960K, reserved 1048576K
}
Event: 6.584 GC heap before
{Heap before GC invocations=20 (full 0):
 garbage-first heap   total 100352K, used 75869K [0x0000000702800000, 0x0000000800000000)
  region size 2048K, 25 young (51200K), 4 survivors (8192K)
 Metaspace       used 68352K, committed 68800K, reserved 1114112K
  class space    used 9199K, committed 9408K, reserved 1048576K
}
Event: 6.594 GC heap after
{Heap after GC invocations=21 (full 0):
 garbage-first heap   total 100352K, used 37141K [0x0000000702800000, 0x0000000800000000)
  region size 2048K, 3 young (6144K), 3 survivors (6144K)
 Metaspace       used 68352K, committed 68800K, reserved 1114112K
  class space    used 9199K, committed 9408K, reserved 1048576K
}
Event: 7.160 GC heap before
{Heap before GC invocations=21 (full 0):
 garbage-first heap   total 100352K, used 76053K [0x0000000702800000, 0x0000000800000000)
  region size 2048K, 22 young (45056K), 3 survivors (6144K)
 Metaspace       used 69924K, committed 70400K, reserved 1114112K
  class space    used 9439K, committed 9664K, reserved 1048576K
}
Event: 7.170 GC heap after
{Heap after GC invocations=22 (full 0):
 garbage-first heap   total 124928K, used 42095K [0x0000000702800000, 0x0000000800000000)
  region size 2048K, 3 young (6144K), 3 survivors (6144K)
 Metaspace       used 69924K, committed 70400K, reserved 1114112K
  class space    used 9439K, committed 9664K, reserved 1048576K
}
Event: 24.036 GC heap before
{Heap before GC invocations=22 (full 0):
 garbage-first heap   total 124928K, used 91247K [0x0000000702800000, 0x0000000800000000)
  region size 2048K, 28 young (57344K), 3 survivors (6144K)
 Metaspace       used 77376K, committed 77824K, reserved 1122304K
  class space    used 10439K, committed 10688K, reserved 1048576K
}
Event: 24.047 GC heap after
{Heap after GC invocations=23 (full 0):
 garbage-first heap   total 124928K, used 47306K [0x0000000702800000, 0x0000000800000000)
  region size 2048K, 3 young (6144K), 3 survivors (6144K)
 Metaspace       used 77376K, committed 77824K, reserved 1122304K
  class space    used 10439K, committed 10688K, reserved 1048576K
}
Event: 1009.214 GC heap before
{Heap before GC invocations=23 (full 0):
 garbage-first heap   total 124928K, used 92362K [0x0000000702800000, 0x0000000800000000)
  region size 2048K, 25 young (51200K), 3 survivors (6144K)
 Metaspace       used 79605K, committed 80128K, reserved 1122304K
  class space    used 10728K, committed 10944K, reserved 1048576K
}
Event: 1009.223 GC heap after
{Heap after GC invocations=24 (full 0):
 garbage-first heap   total 124928K, used 50191K [0x0000000702800000, 0x0000000800000000)
  region size 2048K, 2 young (4096K), 2 survivors (4096K)
 Metaspace       used 79605K, committed 80128K, reserved 1122304K
  class space    used 10728K, committed 10944K, reserved 1048576K
}
Event: 2564.646 GC heap before
{Heap before GC invocations=24 (full 0):
 garbage-first heap   total 124928K, used 95247K [0x0000000702800000, 0x0000000800000000)
  region size 2048K, 24 young (49152K), 2 survivors (4096K)
 Metaspace       used 79661K, committed 80192K, reserved 1122304K
  class space    used 10737K, committed 11008K, reserved 1048576K
}
Event: 2564.650 GC heap after
{Heap after GC invocations=25 (full 0):
 garbage-first heap   total 124928K, used 50486K [0x0000000702800000, 0x0000000800000000)
  region size 2048K, 2 young (4096K), 2 survivors (4096K)
 Metaspace       used 79661K, committed 80192K, reserved 1122304K
  class space    used 10737K, committed 11008K, reserved 1048576K
}
Event: 3036.764 GC heap before
{Heap before GC invocations=25 (full 0):
 garbage-first heap   total 124928K, used 70966K [0x0000000702800000, 0x0000000800000000)
  region size 2048K, 13 young (26624K), 2 survivors (4096K)
 Metaspace       used 79790K, committed 80320K, reserved 1122304K
  class space    used 10759K, committed 11008K, reserved 1048576K
}

