# JRE version: OpenJDK Runtime Environment (16.0.2+7) (build 16.0.2+7-67)
# Java VM: OpenJDK 64-Bit Server VM (16.0.2+7-67, mixed mode, tiered, compressed oops, compressed class ptrs, g1 gc, windows-amd64)
GC Precious Log:
 CPUs: 4 total, 4 available
 Memory: 16218M
 Large Page Support: Disabled
 NUMA Support: Disabled
 Compressed Oops: Enabled (Zero based)
 Heap Region Size: 2M
 Heap Min Capacity: 8M
 Heap Initial Capacity: 254M
 Heap Max Capacity: 4056M
 Pre-touch: Disabled
 Parallel Workers: 4
 Concurrent Workers: 1
 Concurrent Refinement Workers: 4
 Periodic GC: Disabled
Heap:
 garbage-first heap   total 151552K, used 95859K [0x0000000702800000, 0x0000000800000000)
  region size 2048K, 30 young (61440K), 5 survivors (10240K)
 Metaspace       used 79012K, committed 79488K, reserved 1122304K
  class space    used 10654K, committed 10880K, reserved 1048576K
GC Heap History (20 events):
Event: 3.301 GC heap after
{Heap after GC invocations=13 (full 0):
 garbage-first heap   total 83968K, used 21551K [0x0000000702800000, 0x0000000800000000)
  region size 2048K, 2 young (4096K), 2 survivors (4096K)
 Metaspace       used 42159K, committed 42624K, reserved 1089536K
  class space    used 5422K, committed 5632K, reserved 1048576K
}
Event: 3.434 GC heap before
{Heap before GC invocations=13 (full 0):
 garbage-first heap   total 83968K, used 60463K [0x0000000702800000, 0x0000000800000000)
  region size 2048K, 22 young (45056K), 2 survivors (4096K)
 Metaspace       used 42613K, committed 42944K, reserved 1089536K
  class space    used 5464K, committed 5632K, reserved 1048576K
}
Event: 3.438 GC heap after
{Heap after GC invocations=14 (full 0):
 garbage-first heap   total 83968K, used 23474K [0x0000000702800000, 0x0000000800000000)
  region size 2048K, 3 young (6144K), 3 survivors (6144K)
 Metaspace       used 42613K, committed 42944K, reserved 1089536K
  class space    used 5464K, committed 5632K, reserved 1048576K
}
Event: 3.453 GC heap before
{Heap before GC invocations=14 (full 0):
 garbage-first heap   total 83968K, used 60338K [0x0000000702800000, 0x0000000800000000)
  region size 2048K, 21 young (43008K), 3 survivors (6144K)
 Metaspace       used 42613K, committed 42944K, reserved 1089536K
  class space    used 5464K, committed 5632K, reserved 1048576K
}
Event: 3.456 GC heap after
{Heap after GC invocations=15 (full 0):
 garbage-first heap   total 83968K, used 24332K [0x0000000702800000, 0x0000000800000000)
  region size 2048K, 2 young (4096K), 2 survivors (4096K)
 Metaspace       used 42613K, committed 42944K, reserved 1089536K
  class space    used 5464K, committed 5632K, reserved 1048576K
}
Event: 3.820 GC heap before
{Heap before GC invocations=15 (full 0):
 garbage-first heap   total 83968K, used 61196K [0x0000000702800000, 0x0000000800000000)
  region size 2048K, 21 young (43008K), 2 survivors (4096K)
 Metaspace       used 46804K, committed 47168K, reserved 1097728K
  class space    used 5920K, committed 6080K, reserved 1048576K
}
Event: 3.823 GC heap after
{Heap after GC invocations=16 (full 0):
 garbage-first heap   total 83968K, used 25403K [0x0000000702800000, 0x0000000800000000)
  region size 2048K, 1 young (2048K), 1 survivors (2048K)
 Metaspace       used 46804K, committed 47168K, reserved 1097728K
  class space    used 5920K, committed 6080K, reserved 1048576K
}
Event: 4.460 GC heap before
{Heap before GC invocations=16 (full 0):
 garbage-first heap   total 83968K, used 64315K [0x0000000702800000, 0x0000000800000000)
  region size 2048K, 20 young (40960K), 1 survivors (2048K)
 Metaspace       used 55167K, committed 55552K, reserved 1097728K
  class space    used 7189K, committed 7360K, reserved 1048576K
}
Event: 4.465 GC heap after
{Heap after GC invocations=17 (full 0):
 garbage-first heap   total 83968K, used 27585K [0x0000000702800000, 0x0000000800000000)
  region size 2048K, 3 young (6144K), 3 survivors (6144K)
 Metaspace       used 55167K, committed 55552K, reserved 1097728K
  class space    used 7189K, committed 7360K, reserved 1048576K
}
Event: 4.769 GC heap before
{Heap before GC invocations=17 (full 0):
 garbage-first heap   total 83968K, used 41921K [0x0000000702800000, 0x0000000800000000)
  region size 2048K, 12 young (24576K), 3 survivors (6144K)
 Metaspace       used 59466K, committed 59840K, reserved 1105920K
  class space    used 7898K, committed 8064K, reserved 1048576K
}
Event: 4.774 GC heap after
{Heap after GC invocations=18 (full 0):
 garbage-first heap   total 83968K, used 28338K [0x0000000702800000, 0x0000000800000000)
  region size 2048K, 2 young (4096K), 2 survivors (4096K)
 Metaspace       used 59466K, committed 59840K, reserved 1105920K
  class space    used 7898K, committed 8064K, reserved 1048576K
}
Event: 5.345 GC heap before
{Heap before GC invocations=19 (full 0):
 garbage-first heap   total 83968K, used 65202K [0x0000000702800000, 0x0000000800000000)
  region size 2048K, 20 young (40960K), 2 survivors (4096K)
 Metaspace       used 65134K, committed 65536K, reserved 1105920K
  class space    used 8701K, committed 8896K, reserved 1048576K
}
Event: 5.352 GC heap after
{Heap after GC invocations=20 (full 0):
 garbage-first heap   total 83968K, used 31225K [0x0000000702800000, 0x0000000800000000)
  region size 2048K, 3 young (6144K), 3 survivors (6144K)
 Metaspace       used 65134K, committed 65536K, reserved 1105920K
  class space    used 8701K, committed 8896K, reserved 1048576K
}
Event: 5.818 GC heap before
{Heap before GC invocations=21 (full 0):
 garbage-first heap   total 83968K, used 63993K [0x0000000702800000, 0x0000000800000000)
  region size 2048K, 19 young (38912K), 3 survivors (6144K)
 Metaspace       used 66885K, committed 67328K, reserved 1114112K
  class space    used 8994K, committed 9152K, reserved 1048576K
}
Event: 5.827 GC heap after
{Heap after GC invocations=22 (full 0):
 garbage-first heap   total 83968K, used 34513K [0x0000000702800000, 0x0000000800000000)
  region size 2048K, 3 young (6144K), 3 survivors (6144K)
 Metaspace       used 66885K, committed 67328K, reserved 1114112K
  class space    used 8994K, committed 9152K, reserved 1048576K
}
Event: 6.155 GC heap before
{Heap before GC invocations=22 (full 0):
 garbage-first heap   total 83968K, used 63185K [0x0000000702800000, 0x0000000800000000)
  region size 2048K, 17 young (34816K), 3 survivors (6144K)
 Metaspace       used 68573K, committed 68992K, reserved 1114112K
  class space    used 9247K, committed 9408K, reserved 1048576K
}
Event: 6.164 GC heap after
{Heap after GC invocations=23 (full 0):
 garbage-first heap   total 151552K, used 38170K [0x0000000702800000, 0x0000000800000000)
  region size 2048K, 2 young (4096K), 2 survivors (4096K)
 Metaspace       used 68573K, committed 68992K, reserved 1114112K
  class space    used 9247K, committed 9408K, reserved 1048576K
}
Event: 7.407 GC heap before
{Heap before GC invocations=23 (full 0):
 garbage-first heap   total 151552K, used 113946K [0x0000000702800000, 0x0000000800000000)
  region size 2048K, 39 young (79872K), 2 survivors (4096K)
 Metaspace       used 75734K, committed 76224K, reserved 1122304K
  class space    used 10282K, committed 10496K, reserved 1048576K
}
Event: 7.417 GC heap after
{Heap after GC invocations=24 (full 0):
 garbage-first heap   total 151552K, used 45664K [0x0000000702800000, 0x0000000800000000)
  region size 2048K, 5 young (10240K), 5 survivors (10240K)
 Metaspace       used 75734K, committed 76224K, reserved 1122304K
  class space    used 10282K, committed 10496K, reserved 1048576K
}
Event: 152.938 GC heap before
{Heap before GC invocations=24 (full 0):
 garbage-first heap   total 151552K, used 92768K [0x0000000702800000, 0x0000000800000000)
  region size 2048K, 30 young (61440K), 5 survivors (10240K)
 Metaspace       used 79012K, committed 79488K, reserved 1122304K
  class space    used 10654K, committed 10880K, reserved 1048576K
}

