# JRE version: OpenJDK Runtime Environment (16.0.2+7) (build 16.0.2+7-67)
# Java VM: OpenJDK 64-Bit Server VM (16.0.2+7-67, mixed mode, tiered, compressed oops, compressed class ptrs, g1 gc, windows-amd64)
GC Precious Log:
 CPUs: 4 total, 4 available
 Memory: 16218M
 Large Page Support: Disabled
 NUMA Support: Disabled
 Compressed Oops: Enabled (Zero based)
 Heap Region Size: 2M
 Heap Min Capacity: 8M
 Heap Initial Capacity: 254M
 Heap Max Capacity: 4056M
 Pre-touch: Disabled
 Parallel Workers: 4
 Concurrent Workers: 1
 Concurrent Refinement Workers: 4
 Periodic GC: Disabled
Heap:
 garbage-first heap   total 147456K, used 71626K [0x0000000702800000, 0x0000000800000000)
  region size 2048K, 15 young (30720K), 4 survivors (8192K)
 Metaspace       used 80965K, committed 81536K, reserved 1122304K
  class space    used 10902K, committed 11200K, reserved 1048576K
GC Heap History (20 events):
Event: 8.883 GC heap after
{Heap after GC invocations=22 (full 0):
 garbage-first heap   total 122880K, used 46006K [0x0000000702800000, 0x0000000800000000)
  region size 2048K, 4 young (8192K), 4 survivors (8192K)
 Metaspace       used 74162K, committed 74624K, reserved 1114112K
  class space    used 10068K, committed 10304K, reserved 1048576K
}
Event: 392.746 GC heap before
{Heap before GC invocations=22 (full 0):
 garbage-first heap   total 122880K, used 93110K [0x0000000702800000, 0x0000000800000000)
  region size 2048K, 27 young (55296K), 4 survivors (8192K)
 Metaspace       used 79330K, committed 79808K, reserved 1122304K
  class space    used 10682K, committed 10944K, reserved 1048576K
}
Event: 392.758 GC heap after
{Heap after GC invocations=23 (full 0):
 garbage-first heap   total 122880K, used 49818K [0x0000000702800000, 0x0000000800000000)
  region size 2048K, 2 young (4096K), 2 survivors (4096K)
 Metaspace       used 79330K, committed 79808K, reserved 1122304K
  class space    used 10682K, committed 10944K, reserved 1048576K
}
Event: 1098.533 GC heap before
{Heap before GC invocations=23 (full 0):
 garbage-first heap   total 122880K, used 74394K [0x0000000702800000, 0x0000000800000000)
  region size 2048K, 16 young (32768K), 2 survivors (4096K)
 Metaspace       used 80068K, committed 80512K, reserved 1122304K
  class space    used 10794K, committed 11008K, reserved 1048576K
}
Event: 1098.598 GC heap after
{Heap after GC invocations=24 (full 1):
 garbage-first heap   total 122880K, used 40280K [0x0000000702800000, 0x0000000800000000)
  region size 2048K, 0 young (0K), 0 survivors (0K)
 Metaspace       used 80065K, committed 80512K, reserved 1122304K
  class space    used 10793K, committed 11008K, reserved 1048576K
}
Event: 1099.195 GC heap before
{Heap before GC invocations=24 (full 1):
 garbage-first heap   total 122880K, used 91480K [0x0000000702800000, 0x0000000800000000)
  region size 2048K, 26 young (53248K), 0 survivors (0K)
 Metaspace       used 80120K, committed 80576K, reserved 1122304K
  class space    used 10803K, committed 11008K, reserved 1048576K
}
Event: 1099.202 GC heap after
{Heap after GC invocations=25 (full 1):
 garbage-first heap   total 122880K, used 43574K [0x0000000702800000, 0x0000000800000000)
  region size 2048K, 2 young (4096K), 2 survivors (4096K)
 Metaspace       used 80120K, committed 80576K, reserved 1122304K
  class space    used 10803K, committed 11008K, reserved 1048576K
}
Event: 1099.292 GC heap before
{Heap before GC invocations=25 (full 1):
 garbage-first heap   total 122880K, used 92726K [0x0000000702800000, 0x0000000800000000)
  region size 2048K, 27 young (55296K), 2 survivors (4096K)
 Metaspace       used 80120K, committed 80576K, reserved 1122304K
  class space    used 10803K, committed 11008K, reserved 1048576K
}
Event: 1099.297 GC heap after
{Heap after GC invocations=26 (full 1):
 garbage-first heap   total 122880K, used 44354K [0x0000000702800000, 0x0000000800000000)
  region size 2048K, 2 young (4096K), 2 survivors (4096K)
 Metaspace       used 80120K, committed 80576K, reserved 1122304K
  class space    used 10803K, committed 11008K, reserved 1048576K
}
Event: 1184.517 GC heap before
{Heap before GC invocations=26 (full 1):
 garbage-first heap   total 122880K, used 95554K [0x0000000702800000, 0x0000000800000000)
  region size 2048K, 27 young (55296K), 2 survivors (4096K)
 Metaspace       used 80531K, committed 81088K, reserved 1122304K
  class space    used 10854K, committed 11136K, reserved 1048576K
}
Event: 1184.528 GC heap after
{Heap after GC invocations=27 (full 1):
 garbage-first heap   total 122880K, used 47573K [0x0000000702800000, 0x0000000800000000)
  region size 2048K, 4 young (8192K), 4 survivors (8192K)
 Metaspace       used 80531K, committed 81088K, reserved 1122304K
  class space    used 10854K, committed 11136K, reserved 1048576K
}
Event: 1236.280 GC heap before
{Heap before GC invocations=27 (full 1):
 garbage-first heap   total 122880K, used 55765K [0x0000000702800000, 0x0000000800000000)
  region size 2048K, 9 young (18432K), 4 survivors (8192K)
 Metaspace       used 80536K, committed 81088K, reserved 1122304K
  class space    used 10855K, committed 11136K, reserved 1048576K
}
Event: 1236.353 GC heap after
{Heap after GC invocations=28 (full 2):
 garbage-first heap   total 122880K, used 42948K [0x0000000702800000, 0x0000000800000000)
  region size 2048K, 0 young (0K), 0 survivors (0K)
 Metaspace       used 80533K, committed 81088K, reserved 1122304K
  class space    used 10855K, committed 11136K, reserved 1048576K
}
Event: 1236.860 GC heap before
{Heap before GC invocations=28 (full 2):
 garbage-first heap   total 122880K, used 94148K [0x0000000702800000, 0x0000000800000000)
  region size 2048K, 26 young (53248K), 0 survivors (0K)
 Metaspace       used 80583K, committed 81152K, reserved 1122304K
  class space    used 10862K, committed 11136K, reserved 1048576K
}
Event: 1236.864 GC heap after
{Heap after GC invocations=29 (full 2):
 garbage-first heap   total 122880K, used 46661K [0x0000000702800000, 0x0000000800000000)
  region size 2048K, 2 young (4096K), 2 survivors (4096K)
 Metaspace       used 80583K, committed 81152K, reserved 1122304K
  class space    used 10862K, committed 11136K, reserved 1048576K
}
Event: 1236.958 GC heap before
{Heap before GC invocations=29 (full 2):
 garbage-first heap   total 122880K, used 95813K [0x0000000702800000, 0x0000000800000000)
  region size 2048K, 27 young (55296K), 2 survivors (4096K)
 Metaspace       used 80583K, committed 81152K, reserved 1122304K
  class space    used 10862K, committed 11136K, reserved 1048576K
}
Event: 1236.961 GC heap after
{Heap after GC invocations=30 (full 2):
 garbage-first heap   total 122880K, used 47230K [0x0000000702800000, 0x0000000800000000)
  region size 2048K, 3 young (6144K), 3 survivors (6144K)
 Metaspace       used 80583K, committed 81152K, reserved 1122304K
  class space    used 10862K, committed 11136K, reserved 1048576K
}
Event: 1251.018 GC heap before
{Heap before GC invocations=30 (full 2):
 garbage-first heap   total 122880K, used 94334K [0x0000000702800000, 0x0000000800000000)
  region size 2048K, 27 young (55296K), 3 survivors (6144K)
 Metaspace       used 80960K, committed 81536K, reserved 1122304K
  class space    used 10901K, committed 11200K, reserved 1048576K
}
Event: 1251.029 GC heap after
{Heap after GC invocations=31 (full 2):
 garbage-first heap   total 147456K, used 49933K [0x0000000702800000, 0x0000000800000000)
  region size 2048K, 4 young (8192K), 4 survivors (8192K)
 Metaspace       used 80960K, committed 81536K, reserved 1122304K
  class space    used 10901K, committed 11200K, reserved 1048576K
}
Event: 1582.964 GC heap before
{Heap before GC invocations=31 (full 2):
 garbage-first heap   total 147456K, used 68365K [0x0000000702800000, 0x0000000800000000)
  region size 2048K, 15 young (30720K), 4 survivors (8192K)
 Metaspace       used 80965K, committed 81536K, reserved 1122304K
  class space    used 10902K, committed 11200K, reserved 1048576K
}

