# JRE version: OpenJDK Runtime Environment (16.0.2+7) (build 16.0.2+7-67)
# Java VM: OpenJDK 64-Bit Server VM (16.0.2+7-67, mixed mode, tiered, compressed oops, compressed class ptrs, g1 gc, windows-amd64)
GC Precious Log:
 CPUs: 4 total, 4 available
 Memory: 16218M
 Large Page Support: Disabled
 NUMA Support: Disabled
 Compressed Oops: Enabled (Zero based)
 Heap Region Size: 2M
 Heap Min Capacity: 8M
 Heap Initial Capacity: 254M
 Heap Max Capacity: 4056M
 Pre-touch: Disabled
 Parallel Workers: 4
 Concurrent Workers: 1
 Concurrent Refinement Workers: 4
 Periodic GC: Disabled
Heap:
 garbage-first heap   total 133120K, used 97051K [0x0000000702800000, 0x0000000800000000)
  region size 2048K, 29 young (59392K), 3 survivors (6144K)
 Metaspace       used 76845K, committed 77312K, reserved 1122304K
  class space    used 10464K, committed 10688K, reserved 1048576K
GC Heap History (20 events):
Event: 1.780 GC heap after
{Heap after GC invocations=10 (full 0):
 garbage-first heap   total 61440K, used 14220K [0x0000000702800000, 0x0000000800000000)
  region size 2048K, 2 young (4096K), 2 survivors (4096K)
 Metaspace       used 30587K, committed 30848K, reserved 1081344K
  class space    used 3709K, committed 3840K, reserved 1048576K
}
Event: 2.129 GC heap before
{Heap before GC invocations=10 (full 0):
 garbage-first heap   total 61440K, used 44940K [0x0000000702800000, 0x0000000800000000)
  region size 2048K, 17 young (34816K), 2 survivors (4096K)
 Metaspace       used 32586K, committed 32960K, reserved 1081344K
  class space    used 4030K, committed 4224K, reserved 1048576K
}
Event: 2.134 GC heap after
{Heap after GC invocations=11 (full 0):
 garbage-first heap   total 61440K, used 15407K [0x0000000702800000, 0x0000000800000000)
  region size 2048K, 3 young (6144K), 3 survivors (6144K)
 Metaspace       used 32586K, committed 32960K, reserved 1081344K
  class space    used 4030K, committed 4224K, reserved 1048576K
}
Event: 2.575 GC heap before
{Heap before GC invocations=11 (full 0):
 garbage-first heap   total 61440K, used 44079K [0x0000000702800000, 0x0000000800000000)
  region size 2048K, 17 young (34816K), 3 survivors (6144K)
 Metaspace       used 36229K, committed 36544K, reserved 1081344K
  class space    used 4664K, committed 4800K, reserved 1048576K
}
Event: 2.580 GC heap after
{Heap after GC invocations=12 (full 0):
 garbage-first heap   total 61440K, used 16935K [0x0000000702800000, 0x0000000800000000)
  region size 2048K, 3 young (6144K), 3 survivors (6144K)
 Metaspace       used 36229K, committed 36544K, reserved 1081344K
  class space    used 4664K, committed 4800K, reserved 1048576K
}
Event: 2.972 GC heap before
{Heap before GC invocations=12 (full 0):
 garbage-first heap   total 61440K, used 45607K [0x0000000702800000, 0x0000000800000000)
  region size 2048K, 17 young (34816K), 3 survivors (6144K)
 Metaspace       used 39681K, committed 40064K, reserved 1089536K
  class space    used 5171K, committed 5376K, reserved 1048576K
}
Event: 2.979 GC heap after
{Heap after GC invocations=13 (full 0):
 garbage-first heap   total 161792K, used 19822K [0x0000000702800000, 0x0000000800000000)
  region size 2048K, 3 young (6144K), 3 survivors (6144K)
 Metaspace       used 39681K, committed 40064K, reserved 1089536K
  class space    used 5171K, committed 5376K, reserved 1048576K
}
Event: 3.295 GC heap before
{Heap before GC invocations=13 (full 0):
 garbage-first heap   total 161792K, used 107886K [0x0000000702800000, 0x0000000800000000)
  region size 2048K, 47 young (96256K), 3 survivors (6144K)
 Metaspace       used 42621K, committed 43008K, reserved 1089536K
  class space    used 5455K, committed 5632K, reserved 1048576K
}
Event: 3.304 GC heap after
{Heap after GC invocations=14 (full 0):
 garbage-first heap   total 161792K, used 23970K [0x0000000702800000, 0x0000000800000000)
  region size 2048K, 5 young (10240K), 5 survivors (10240K)
 Metaspace       used 42621K, committed 43008K, reserved 1089536K
  class space    used 5455K, committed 5632K, reserved 1048576K
}
Event: 3.550 GC heap before
{Heap before GC invocations=14 (full 0):
 garbage-first heap   total 161792K, used 95650K [0x0000000702800000, 0x0000000800000000)
  region size 2048K, 41 young (83968K), 5 survivors (10240K)
 Metaspace       used 45253K, committed 45568K, reserved 1089536K
  class space    used 5745K, committed 5888K, reserved 1048576K
}
Event: 3.558 GC heap after
{Heap after GC invocations=15 (full 0):
 garbage-first heap   total 161792K, used 25530K [0x0000000702800000, 0x0000000800000000)
  region size 2048K, 3 young (6144K), 3 survivors (6144K)
 Metaspace       used 45253K, committed 45568K, reserved 1089536K
  class space    used 5745K, committed 5888K, reserved 1048576K
}
Event: 4.477 GC heap before
{Heap before GC invocations=16 (full 0):
 garbage-first heap   total 110592K, used 84922K [0x0000000702800000, 0x0000000800000000)
  region size 2048K, 32 young (65536K), 3 survivors (6144K)
 Metaspace       used 58076K, committed 58496K, reserved 1105920K
  class space    used 7682K, committed 7872K, reserved 1048576K
}
Event: 4.485 GC heap after
{Heap after GC invocations=17 (full 0):
 garbage-first heap   total 110592K, used 28848K [0x0000000702800000, 0x0000000800000000)
  region size 2048K, 3 young (6144K), 3 survivors (6144K)
 Metaspace       used 58076K, committed 58496K, reserved 1105920K
  class space    used 7682K, committed 7872K, reserved 1048576K
}
Event: 5.250 GC heap before
{Heap before GC invocations=18 (full 0):
 garbage-first heap   total 110592K, used 84144K [0x0000000702800000, 0x0000000800000000)
  region size 2048K, 30 young (61440K), 3 survivors (6144K)
 Metaspace       used 65836K, committed 66240K, reserved 1114112K
  class space    used 8849K, committed 9024K, reserved 1048576K
}
Event: 5.258 GC heap after
{Heap after GC invocations=19 (full 0):
 garbage-first heap   total 110592K, used 33237K [0x0000000702800000, 0x0000000800000000)
  region size 2048K, 4 young (8192K), 4 survivors (8192K)
 Metaspace       used 65836K, committed 66240K, reserved 1114112K
  class space    used 8849K, committed 9024K, reserved 1048576K
}
Event: 5.841 GC heap before
{Heap before GC invocations=19 (full 0):
 garbage-first heap   total 110592K, used 84437K [0x0000000702800000, 0x0000000800000000)
  region size 2048K, 29 young (59392K), 4 survivors (8192K)
 Metaspace       used 69282K, committed 69696K, reserved 1114112K
  class space    used 9379K, committed 9536K, reserved 1048576K
}
Event: 5.853 GC heap after
{Heap after GC invocations=20 (full 0):
 garbage-first heap   total 110592K, used 38911K [0x0000000702800000, 0x0000000800000000)
  region size 2048K, 3 young (6144K), 3 survivors (6144K)
 Metaspace       used 69282K, committed 69696K, reserved 1114112K
  class space    used 9379K, committed 9536K, reserved 1048576K
}
Event: 6.449 GC heap before
{Heap before GC invocations=20 (full 0):
 garbage-first heap   total 110592K, used 81919K [0x0000000702800000, 0x0000000800000000)
  region size 2048K, 24 young (49152K), 3 survivors (6144K)
 Metaspace       used 70783K, committed 71296K, reserved 1114112K
  class space    used 9621K, committed 9856K, reserved 1048576K
}
Event: 6.459 GC heap after
{Heap after GC invocations=21 (full 0):
 garbage-first heap   total 133120K, used 44061K [0x0000000702800000, 0x0000000800000000)
  region size 2048K, 3 young (6144K), 3 survivors (6144K)
 Metaspace       used 70783K, committed 71296K, reserved 1114112K
  class space    used 9621K, committed 9856K, reserved 1048576K
}
Event: 433.697 GC heap before
{Heap before GC invocations=21 (full 0):
 garbage-first heap   total 133120K, used 95261K [0x0000000702800000, 0x0000000800000000)
  region size 2048K, 29 young (59392K), 3 survivors (6144K)
 Metaspace       used 76845K, committed 77312K, reserved 1122304K
  class space    used 10464K, committed 10688K, reserved 1048576K
}

