# JRE version: OpenJDK Runtime Environment (16.0.2+7) (build 16.0.2+7-67)
# Java VM: OpenJDK 64-Bit Server VM (16.0.2+7-67, mixed mode, tiered, compressed oops, compressed class ptrs, g1 gc, windows-amd64)
GC Precious Log:
 CPUs: 4 total, 4 available
 Memory: 16218M
 Large Page Support: Disabled
 NUMA Support: Disabled
 Compressed Oops: Enabled (Zero based)
 Heap Region Size: 2M
 Heap Min Capacity: 8M
 Heap Initial Capacity: 254M
 Heap Max Capacity: 4056M
 Pre-touch: Disabled
 Parallel Workers: 4
 Concurrent Workers: 1
 Concurrent Refinement Workers: 4
 Periodic GC: Disabled
Heap:
 garbage-first heap   total 75776K, used 21408K [0x0000000702800000, 0x0000000800000000)
  region size 2048K, 2 young (4096K), 1 survivors (2048K)
 Metaspace       used 40093K, committed 40512K, reserved 1089536K
  class space    used 5219K, committed 5440K, reserved 1048576K
GC Heap History (20 events):
Event: 2.411 GC heap after
{Heap after GC invocations=1 (full 0):
 garbage-first heap   total 260096K, used 4277K [0x0000000702800000, 0x0000000800000000)
  region size 2048K, 1 young (2048K), 1 survivors (2048K)
 Metaspace       used 6414K, committed 6528K, reserved 1056768K
  class space    used 549K, committed 576K, reserved 1048576K
}
Event: 3.327 GC heap before
{Heap before GC invocations=1 (full 0):
 garbage-first heap   total 260096K, used 14517K [0x0000000702800000, 0x0000000800000000)
  region size 2048K, 6 young (12288K), 1 survivors (2048K)
 Metaspace       used 13419K, committed 13632K, reserved 1064960K
  class space    used 1378K, committed 1472K, reserved 1048576K
}
Event: 3.331 GC heap after
{Heap after GC invocations=2 (full 0):
 garbage-first heap   total 260096K, used 8238K [0x0000000702800000, 0x0000000800000000)
  region size 2048K, 1 young (2048K), 1 survivors (2048K)
 Metaspace       used 13419K, committed 13632K, reserved 1064960K
  class space    used 1378K, committed 1472K, reserved 1048576K
}
Event: 3.726 GC heap before
{Heap before GC invocations=2 (full 0):
 garbage-first heap   total 260096K, used 24621K [0x0000000702800000, 0x0000000800000000)
  region size 2048K, 10 young (20480K), 1 survivors (2048K)
 Metaspace       used 15960K, committed 16128K, reserved 1064960K
  class space    used 1699K, committed 1792K, reserved 1048576K
}
Event: 3.730 GC heap after
{Heap after GC invocations=3 (full 0):
 garbage-first heap   total 260096K, used 9634K [0x0000000702800000, 0x0000000800000000)
  region size 2048K, 2 young (4096K), 2 survivors (4096K)
 Metaspace       used 15960K, committed 16128K, reserved 1064960K
  class space    used 1699K, committed 1792K, reserved 1048576K
}
Event: 3.769 GC heap before
{Heap before GC invocations=3 (full 0):
 garbage-first heap   total 260096K, used 44450K [0x0000000702800000, 0x0000000800000000)
  region size 2048K, 20 young (40960K), 2 survivors (4096K)
 Metaspace       used 15963K, committed 16128K, reserved 1064960K
  class space    used 1699K, committed 1792K, reserved 1048576K
}
Event: 3.773 GC heap after
{Heap after GC invocations=4 (full 0):
 garbage-first heap   total 260096K, used 10878K [0x0000000702800000, 0x0000000800000000)
  region size 2048K, 2 young (4096K), 2 survivors (4096K)
 Metaspace       used 15963K, committed 16128K, reserved 1064960K
  class space    used 1699K, committed 1792K, reserved 1048576K
}
Event: 5.281 GC heap before
{Heap before GC invocations=4 (full 0):
 garbage-first heap   total 260096K, used 43646K [0x0000000702800000, 0x0000000800000000)
  region size 2048K, 19 young (38912K), 2 survivors (4096K)
 Metaspace       used 20952K, committed 21248K, reserved 1073152K
  class space    used 2407K, committed 2560K, reserved 1048576K
}
Event: 5.285 GC heap after
{Heap after GC invocations=5 (full 0):
 garbage-first heap   total 260096K, used 11200K [0x0000000702800000, 0x0000000800000000)
  region size 2048K, 2 young (4096K), 2 survivors (4096K)
 Metaspace       used 20952K, committed 21248K, reserved 1073152K
  class space    used 2407K, committed 2560K, reserved 1048576K
}
Event: 5.912 GC heap before
{Heap before GC invocations=6 (full 0):
 garbage-first heap   total 61440K, used 43968K [0x0000000702800000, 0x0000000800000000)
  region size 2048K, 18 young (36864K), 2 survivors (4096K)
 Metaspace       used 26365K, committed 26688K, reserved 1073152K
  class space    used 3239K, committed 3392K, reserved 1048576K
}
Event: 5.919 GC heap after
{Heap after GC invocations=7 (full 0):
 garbage-first heap   total 61440K, used 12783K [0x0000000702800000, 0x0000000800000000)
  region size 2048K, 3 young (6144K), 3 survivors (6144K)
 Metaspace       used 26365K, committed 26688K, reserved 1073152K
  class space    used 3239K, committed 3392K, reserved 1048576K
}
Event: 5.933 GC heap before
{Heap before GC invocations=7 (full 0):
 garbage-first heap   total 61440K, used 39407K [0x0000000702800000, 0x0000000800000000)
  region size 2048K, 17 young (34816K), 3 survivors (6144K)
 Metaspace       used 26475K, committed 26752K, reserved 1073152K
  class space    used 3256K, committed 3392K, reserved 1048576K
}
Event: 5.938 GC heap after
{Heap after GC invocations=8 (full 0):
 garbage-first heap   total 61440K, used 12952K [0x0000000702800000, 0x0000000800000000)
  region size 2048K, 1 young (2048K), 1 survivors (2048K)
 Metaspace       used 26475K, committed 26752K, reserved 1073152K
  class space    used 3256K, committed 3392K, reserved 1048576K
}
Event: 6.245 GC heap before
{Heap before GC invocations=8 (full 0):
 garbage-first heap   total 61440K, used 41624K [0x0000000702800000, 0x0000000800000000)
  region size 2048K, 16 young (32768K), 1 survivors (2048K)
 Metaspace       used 30381K, committed 30720K, reserved 1081344K
  class space    used 3675K, committed 3840K, reserved 1048576K
}
Event: 6.249 GC heap after
{Heap after GC invocations=9 (full 0):
 garbage-first heap   total 161792K, used 14140K [0x0000000702800000, 0x0000000800000000)
  region size 2048K, 2 young (4096K), 2 survivors (4096K)
 Metaspace       used 30381K, committed 30720K, reserved 1081344K
  class space    used 3675K, committed 3840K, reserved 1048576K
}
Event: 7.861 GC heap before
{Heap before GC invocations=9 (full 0):
 garbage-first heap   total 161792K, used 63292K [0x0000000702800000, 0x0000000800000000)
  region size 2048K, 27 young (55296K), 2 survivors (4096K)
 Metaspace       used 35309K, committed 35648K, reserved 1081344K
  class space    used 4511K, committed 4672K, reserved 1048576K
}
Event: 7.869 GC heap after
{Heap after GC invocations=10 (full 0):
 garbage-first heap   total 161792K, used 16201K [0x0000000702800000, 0x0000000800000000)
  region size 2048K, 3 young (6144K), 3 survivors (6144K)
 Metaspace       used 35309K, committed 35648K, reserved 1081344K
  class space    used 4511K, committed 4672K, reserved 1048576K
}
Event: 8.969 GC heap before
{Heap before GC invocations=11 (full 0):
 garbage-first heap   total 75776K, used 55113K [0x0000000702800000, 0x0000000800000000)
  region size 2048K, 22 young (45056K), 3 survivors (6144K)
 Metaspace       used 39717K, committed 40128K, reserved 1089536K
  class space    used 5185K, committed 5376K, reserved 1048576K
}
Event: 8.980 GC heap after
{Heap after GC invocations=12 (full 0):
 garbage-first heap   total 75776K, used 19360K [0x0000000702800000, 0x0000000800000000)
  region size 2048K, 3 young (6144K), 3 survivors (6144K)
 Metaspace       used 39717K, committed 40128K, reserved 1089536K
  class space    used 5185K, committed 5376K, reserved 1048576K
}
Event: 9.023 GC heap before
{Heap before GC invocations=12 (full 0):
 garbage-first heap   total 75776K, used 21408K [0x0000000702800000, 0x0000000800000000)
  region size 2048K, 4 young (8192K), 3 survivors (6144K)
 Metaspace       used 40093K, committed 40512K, reserved 1089536K
  class space    used 5219K, committed 5440K, reserved 1048576K
}

